TN:
SF:/home/fboemer/repos/DBIO/intel-hexl/hexl/eltwise/eltwise-add-mod-avx512.cpp
FN:19,_ZN5intel4hexl19EltwiseAddModAVX512EPmPKmS3_mm
FN:65,_ZN5intel4hexl19EltwiseAddModAVX512EPmPKmmmm
FNDA:6202,_ZN5intel4hexl19EltwiseAddModAVX512EPmPKmS3_mm
FNDA:620002,_ZN5intel4hexl19EltwiseAddModAVX512EPmPKmmmm
FNF:2
FNH:2
DA:19,6202
DA:22,6202
DA:23,6202
DA:24,6202
DA:25,6202
DA:26,6202
DA:27,6202
DA:28,6202
DA:29,6202
DA:30,6202
DA:31,6202
DA:33,6202
DA:34,6202
DA:35,6200
DA:36,6200
DA:37,6200
DA:38,6200
DA:39,6200
DA:42,6202
DA:43,6202
DA:44,6202
DA:45,6202
DA:47,6202
DA:48,136404
DA:49,130202
DA:50,130202
DA:52,130202
DA:53,130202
DA:55,130202
DA:57,130202
DA:58,130202
DA:59,130202
DA:62,6202
DA:63,6202
DA:65,620002
DA:68,620002
DA:69,620002
DA:70,620002
DA:71,620002
DA:72,620002
DA:73,620002
DA:74,620002
DA:75,620002
DA:77,620002
DA:78,620002
DA:79,620000
DA:80,620000
DA:81,620000
DA:82,620000
DA:85,620002
DA:86,620002
DA:87,620002
DA:88,620002
DA:90,620002
DA:91,13640004
DA:92,13020002
DA:94,13020002
DA:95,13020002
DA:97,13020002
DA:99,13020002
DA:100,13020002
DA:103,620002
DA:104,620002
LF:63
LH:63
end_of_record
TN:
SF:/home/fboemer/repos/DBIO/intel-hexl/hexl/eltwise/eltwise-add-mod.cpp
FN:16,_ZN5intel4hexl19EltwiseAddModNativeEPmPKmS3_mm
FN:45,_ZN5intel4hexl19EltwiseAddModNativeEPmPKmmmm
FN:71,_ZN5intel4hexl13EltwiseAddModEPmPKmS3_mm
FN:94,_ZN5intel4hexl13EltwiseAddModEPmPKmmmm
FNDA:0,_ZN5intel4hexl13EltwiseAddModEPmPKmS3_mm
FNDA:12402,_ZN5intel4hexl19EltwiseAddModNativeEPmPKmS3_mm
FNDA:1240002,_ZN5intel4hexl19EltwiseAddModNativeEPmPKmmmm
FNDA:0,_ZN5intel4hexl13EltwiseAddModEPmPKmmmm
FNF:4
FNH:2
DA:16,12402
DA:19,12402
DA:20,12402
DA:21,12402
DA:22,12402
DA:23,12402
DA:24,12402
DA:25,12402
DA:26,12402
DA:27,12402
DA:28,12402
DA:30,12402
DA:31,1116018
DA:32,1103616
DA:33,1103616
DA:34,549606
DA:36,554010
DA:39,1103616
DA:40,1103616
DA:41,1103616
DA:43,12402
DA:45,1240002
DA:47,1240002
DA:48,1240002
DA:49,1240002
DA:50,1240002
DA:51,1240002
DA:52,1240002
DA:53,1240002
DA:54,1240002
DA:56,1240002
DA:58,1240002
DA:59,111600018
DA:60,110360016
DA:61,54249512
DA:63,56110504
DA:66,110360016
DA:67,110360016
DA:69,1240002
DA:71,0
DA:73,0
DA:74,0
DA:75,0
DA:76,0
DA:77,0
DA:78,0
DA:79,0
DA:80,0
DA:81,0
DA:84,0
DA:85,0
DA:86,0
DA:90,0
DA:91,0
DA:94,0
DA:96,0
DA:97,0
DA:98,0
DA:99,0
DA:100,0
DA:101,0
DA:102,0
DA:105,0
DA:106,0
DA:107,0
DA:111,0
DA:112,0
LF:67
LH:39
end_of_record
TN:
SF:/home/fboemer/repos/DBIO/intel-hexl/hexl/eltwise/eltwise-cmp-add-avx512.cpp
FN:18,_ZN5intel4hexl19EltwiseCmpAddAVX512EPmPKmmNS0_6CMPINTEmm
FNDA:3200,_ZN5intel4hexl19EltwiseCmpAddAVX512EPmPKmmNS0_6CMPINTEmm
FNF:1
FNH:1
DA:18,3200
DA:20,3200
DA:21,3200
DA:22,3200
DA:23,3200
DA:25,3200
DA:26,3200
DA:27,3200
DA:28,3200
DA:29,3200
DA:30,3200
DA:33,3200
DA:34,3200
DA:35,3200
DA:36,412800
DA:37,409600
DA:38,409600
DA:39,409600
DA:40,409600
DA:42,409600
DA:43,409600
DA:45,3200
LF:22
LH:22
end_of_record
TN:
SF:/home/fboemer/repos/DBIO/intel-hexl/hexl/eltwise/eltwise-cmp-add.cpp
FN:16,_ZN5intel4hexl13EltwiseCmpAddEPmPKmmNS0_6CMPINTEmm
FN:32,_ZN5intel4hexl19EltwiseCmpAddNativeEPmPKmmNS0_6CMPINTEmm
FNDA:1600,_ZN5intel4hexl13EltwiseCmpAddEPmPKmmNS0_6CMPINTEmm
FNDA:4808,_ZN5intel4hexl19EltwiseCmpAddNativeEPmPKmmNS0_6CMPINTEmm
FNF:2
FNH:2
DA:16,1600
DA:18,1600
DA:19,1600
DA:20,1600
DA:21,1600
DA:24,1600
DA:25,1600
DA:26,1600
DA:29,0
DA:32,4808
DA:34,4808
DA:35,4808
DA:36,4808
DA:37,4808
DA:39,4808
DA:41,206008
DA:42,205407
DA:43,2049
DA:45,203358
DA:51,206008
DA:52,205407
DA:53,99815
DA:55,105592
DA:60,206008
DA:61,205407
DA:62,103499
DA:64,101908
DA:69,206008
DA:70,205407
DA:74,206008
DA:75,205407
DA:76,203385
DA:78,2022
DA:83,206008
DA:84,205407
DA:85,98859
DA:87,106548
DA:92,206008
DA:93,205407
DA:94,98715
DA:96,106692
DA:101,206008
DA:102,205407
DA:106,4808
LF:44
LH:43
end_of_record
TN:
SF:/home/fboemer/repos/DBIO/intel-hexl/hexl/eltwise/eltwise-cmp-sub-mod-avx512.cpp
FN:18,_ZN5intel4hexl22EltwiseCmpSubModAVX512EPmPKmmmNS0_6CMPINTEmm
FNDA:12800,_ZN5intel4hexl22EltwiseCmpSubModAVX512EPmPKmmmNS0_6CMPINTEmm
FNF:1
FNH:1
DA:18,12800
DA:21,12800
DA:22,12800
DA:23,12800
DA:24,12800
DA:25,12800
DA:26,12800
DA:28,12800
DA:29,12800
DA:30,12800
DA:32,12800
DA:33,12800
DA:34,12800
DA:36,12800
DA:38,12800
DA:39,12800
DA:40,12800
DA:41,12800
DA:42,12800
DA:44,12800
DA:45,12800
DA:47,281600
DA:48,268800
DA:49,537600
DA:51,268800
DA:53,268800
DA:54,268800
DA:55,268800
DA:57,268800
DA:58,268800
DA:59,268800
DA:60,268800
DA:62,12800
LF:33
LH:33
end_of_record
TN:
SF:/home/fboemer/repos/DBIO/intel-hexl/hexl/eltwise/eltwise-cmp-sub-mod.cpp
FN:18,_ZN5intel4hexl16EltwiseCmpSubModEPmPKmmmNS0_6CMPINTEmm
FN:36,_ZN5intel4hexl22EltwiseCmpSubModNativeEPmPKmmmNS0_6CMPINTEmm
FNDA:19200,_ZN5intel4hexl22EltwiseCmpSubModNativeEPmPKmmmNS0_6CMPINTEmm
FNDA:6400,_ZN5intel4hexl16EltwiseCmpSubModEPmPKmmmNS0_6CMPINTEmm
FNF:2
FNH:2
DA:18,6400
DA:21,6400
DA:22,6400
DA:23,6400
DA:24,6400
DA:25,6400
DA:28,6400
DA:29,6400
DA:30,6400
DA:33,0
DA:36,19200
DA:39,19200
DA:40,19200
DA:41,19200
DA:42,19200
DA:43,19200
DA:44,19200
DA:46,1171200
DA:47,1152000
DA:49,1152000
DA:50,1152000
DA:52,1152000
DA:53,575653
DA:55,1152000
DA:57,19200
LF:25
LH:24
end_of_record
TN:
SF:/home/fboemer/repos/DBIO/intel-hexl/hexl/eltwise/eltwise-fma-mod-avx512.cpp
FN:52,_ZN5intel4hexl19EltwiseFMAModAVX512ILi64ELi1EEEvPmPKmmS4_mm
FN:52,_ZN5intel4hexl19EltwiseFMAModAVX512ILi52ELi1EEEvPmPKmmS4_mm
FN:52,_ZN5intel4hexl19EltwiseFMAModAVX512ILi64ELi2EEEvPmPKmmS4_mm
FN:52,_ZN5intel4hexl19EltwiseFMAModAVX512ILi64ELi4EEEvPmPKmmS4_mm
FN:52,_ZN5intel4hexl19EltwiseFMAModAVX512ILi52ELi2EEEvPmPKmmS4_mm
FN:52,_ZN5intel4hexl19EltwiseFMAModAVX512ILi52ELi4EEEvPmPKmmS4_mm
FN:52,_ZN5intel4hexl19EltwiseFMAModAVX512ILi52ELi8EEEvPmPKmmS4_mm
FN:52,_ZN5intel4hexl19EltwiseFMAModAVX512ILi64ELi8EEEvPmPKmmS4_mm
FNDA:14201,_ZN5intel4hexl19EltwiseFMAModAVX512ILi64ELi8EEEvPmPKmmS4_mm
FNDA:9801,_ZN5intel4hexl19EltwiseFMAModAVX512ILi52ELi8EEEvPmPKmmS4_mm
FNDA:4901,_ZN5intel4hexl19EltwiseFMAModAVX512ILi52ELi4EEEvPmPKmmS4_mm
FNDA:5001,_ZN5intel4hexl19EltwiseFMAModAVX512ILi52ELi2EEEvPmPKmmS4_mm
FNDA:7101,_ZN5intel4hexl19EltwiseFMAModAVX512ILi64ELi4EEEvPmPKmmS4_mm
FNDA:7001,_ZN5intel4hexl19EltwiseFMAModAVX512ILi64ELi2EEEvPmPKmmS4_mm
FNDA:5103,_ZN5intel4hexl19EltwiseFMAModAVX512ILi52ELi1EEEvPmPKmmS4_mm
FNDA:6903,_ZN5intel4hexl19EltwiseFMAModAVX512ILi64ELi1EEEvPmPKmmS4_mm
FNF:8
FNH:8
DA:52,60012
DA:69,60012
DA:70,60012
DA:71,48005
DA:73,48005
DA:74,48005
DA:75,24004
DA:77,48005
DA:78,48005
DA:81,60012
DA:82,60012
DA:83,101894
DA:85,60012
DA:87,60012
DA:89,60012
DA:90,60012
DA:91,60012
DA:92,60012
DA:93,60012
DA:94,60012
DA:95,60012
DA:98,60012
DA:100,60012
DA:101,30011
DA:103,3870030
DA:104,3840019
DA:105,3840019
DA:107,3840019
DA:109,3840019
DA:112,3840019
DA:113,3840019
DA:117,3840019
DA:120,3840019
DA:122,3840019
DA:124,3840019
DA:126,3840019
DA:127,3840019
DA:128,3840019
DA:132,3870002
DA:133,3840001
DA:134,3840001
DA:137,3840001
DA:138,3840001
DA:142,3840001
DA:144,3840001
DA:145,3840001
DA:147,3840001
DA:148,3840001
DA:151,60012
LF:49
LH:49
end_of_record
TN:
SF:/home/fboemer/repos/DBIO/intel-hexl/hexl/eltwise/eltwise-fma-mod-internal.hpp
FN:12,_ZN5intel4hexl19EltwiseFMAModNativeILi8EEEvPmPKmmS4_mm
FN:12,_ZN5intel4hexl19EltwiseFMAModNativeILi1EEEvPmPKmmS4_mm
FN:12,_ZN5intel4hexl19EltwiseFMAModNativeILi2EEEvPmPKmmS4_mm
FN:12,_ZN5intel4hexl19EltwiseFMAModNativeILi4EEEvPmPKmmS4_mm
FNDA:18001,_ZN5intel4hexl19EltwiseFMAModNativeILi8EEEvPmPKmmS4_mm
FNDA:18002,_ZN5intel4hexl19EltwiseFMAModNativeILi1EEEvPmPKmmS4_mm
FNDA:18001,_ZN5intel4hexl19EltwiseFMAModNativeILi4EEEvPmPKmmS4_mm
FNDA:18001,_ZN5intel4hexl19EltwiseFMAModNativeILi2EEEvPmPKmmS4_mm
FNF:4
FNH:4
DA:12,72005
DA:14,72005
DA:15,72005
DA:16,72005
DA:19,72005
DA:20,72005
DA:21,12576008
DA:22,12540004
DA:24,12540004
DA:28,12540004
DA:29,12540004
DA:30,12540004
DA:33,12576002
DA:34,12540001
DA:36,12540001
DA:39,72005
LF:16
LH:16
end_of_record
TN:
SF:/home/fboemer/repos/DBIO/intel-hexl/hexl/eltwise/eltwise-fma-mod.cpp
FN:17,_ZN5intel4hexl13EltwiseFMAModEPmPKmmS3_mmm
FNDA:28006,_ZN5intel4hexl13EltwiseFMAModEPmPKmmS3_mmm
FNF:1
FNH:1
DA:17,28006
DA:20,28006
DA:21,28006
DA:22,28006
DA:23,28006
DA:24,28006
DA:25,28006
DA:28,28006
DA:29,28006
DA:31,28006
DA:33,28006
DA:36,28006
DA:37,28006
DA:40,28006
DA:43,28006
DA:44,20806
DA:46,20806
DA:47,5103
DA:48,5103
DA:49,5103
DA:50,5001
DA:51,5001
DA:52,5001
DA:53,4901
DA:54,4901
DA:55,4901
DA:56,5801
DA:57,5801
DA:58,5801
DA:60,20806
DA:65,7200
DA:66,7200
DA:68,7200
DA:69,900
DA:70,900
DA:71,900
DA:72,1000
DA:73,1000
DA:74,1000
DA:75,1100
DA:76,1100
DA:77,1100
DA:78,4200
DA:79,4200
DA:80,4200
DA:82,7200
DA:86,0
DA:87,0
DA:88,0
DA:89,0
DA:90,0
DA:91,0
DA:92,0
DA:93,0
DA:94,0
DA:95,0
DA:96,0
DA:97,0
DA:98,0
DA:99,0
LF:60
LH:46
end_of_record
TN:
SF:/home/fboemer/repos/DBIO/intel-hexl/hexl/eltwise/eltwise-mult-mod-avx512dq.cpp
FN:54,_ZN5intel4hexl35EltwiseMultModAVX512DQIntLoopUnrollILi54ELi1ELi16384EEEvPDv8_xPKS2_S5_S2_S2_S2_
FN:54,_ZN5intel4hexl35EltwiseMultModAVX512DQIntLoopUnrollILi61ELi1ELi1024EEEvPDv8_xPKS2_S5_S2_S2_S2_
FN:54,_ZN5intel4hexl35EltwiseMultModAVX512DQIntLoopUnrollILi60ELi4ELi32768EEEvPDv8_xPKS2_S5_S2_S2_S2_
FN:54,_ZN5intel4hexl35EltwiseMultModAVX512DQIntLoopUnrollILi52ELi1ELi4096EEEvPDv8_xPKS2_S5_S2_S2_S2_
FN:54,_ZN5intel4hexl35EltwiseMultModAVX512DQIntLoopUnrollILi60ELi1ELi4096EEEvPDv8_xPKS2_S5_S2_S2_S2_
FN:54,_ZN5intel4hexl35EltwiseMultModAVX512DQIntLoopUnrollILi60ELi2ELi1024EEEvPDv8_xPKS2_S5_S2_S2_S2_
FN:54,_ZN5intel4hexl35EltwiseMultModAVX512DQIntLoopUnrollILi56ELi1ELi8192EEEvPDv8_xPKS2_S5_S2_S2_S2_
FN:54,_ZN5intel4hexl35EltwiseMultModAVX512DQIntLoopUnrollILi58ELi1ELi4096EEEvPDv8_xPKS2_S5_S2_S2_S2_
FN:54,_ZN5intel4hexl35EltwiseMultModAVX512DQIntLoopUnrollILi58ELi1ELi1024EEEvPDv8_xPKS2_S5_S2_S2_S2_
FN:54,_ZN5intel4hexl35EltwiseMultModAVX512DQIntLoopUnrollILi50ELi1ELi4096EEEvPDv8_xPKS2_S5_S2_S2_S2_
FN:54,_ZN5intel4hexl35EltwiseMultModAVX512DQIntLoopUnrollILi60ELi4ELi1024EEEvPDv8_xPKS2_S5_S2_S2_S2_
FN:54,_ZN5intel4hexl35EltwiseMultModAVX512DQIntLoopUnrollILi59ELi2ELi1024EEEvPDv8_xPKS2_S5_S2_S2_S2_
FN:54,_ZN5intel4hexl35EltwiseMultModAVX512DQIntLoopUnrollILi54ELi1ELi32768EEEvPDv8_xPKS2_S5_S2_S2_S2_
FN:54,_ZN5intel4hexl35EltwiseMultModAVX512DQIntLoopUnrollILi51ELi1ELi8192EEEvPDv8_xPKS2_S5_S2_S2_S2_
FN:54,_ZN5intel4hexl35EltwiseMultModAVX512DQIntLoopUnrollILi51ELi1ELi2048EEEvPDv8_xPKS2_S5_S2_S2_S2_
FN:54,_ZN5intel4hexl35EltwiseMultModAVX512DQIntLoopUnrollILi60ELi2ELi4096EEEvPDv8_xPKS2_S5_S2_S2_S2_
FN:54,_ZN5intel4hexl35EltwiseMultModAVX512DQIntLoopUnrollILi56ELi1ELi2048EEEvPDv8_xPKS2_S5_S2_S2_S2_
FN:54,_ZN5intel4hexl35EltwiseMultModAVX512DQIntLoopUnrollILi60ELi2ELi2048EEEvPDv8_xPKS2_S5_S2_S2_S2_
FN:54,_ZN5intel4hexl35EltwiseMultModAVX512DQIntLoopUnrollILi52ELi1ELi2048EEEvPDv8_xPKS2_S5_S2_S2_S2_
FN:54,_ZN5intel4hexl35EltwiseMultModAVX512DQIntLoopUnrollILi51ELi1ELi16384EEEvPDv8_xPKS2_S5_S2_S2_S2_
FN:54,_ZN5intel4hexl35EltwiseMultModAVX512DQIntLoopUnrollILi58ELi1ELi16384EEEvPDv8_xPKS2_S5_S2_S2_S2_
FN:54,_ZN5intel4hexl35EltwiseMultModAVX512DQIntLoopUnrollILi55ELi1ELi8192EEEvPDv8_xPKS2_S5_S2_S2_S2_
FN:54,_ZN5intel4hexl35EltwiseMultModAVX512DQIntLoopUnrollILi59ELi2ELi32768EEEvPDv8_xPKS2_S5_S2_S2_S2_
FN:54,_ZN5intel4hexl35EltwiseMultModAVX512DQIntLoopUnrollILi60ELi1ELi2048EEEvPDv8_xPKS2_S5_S2_S2_S2_
FN:54,_ZN5intel4hexl35EltwiseMultModAVX512DQIntLoopUnrollILi57ELi1ELi16384EEEvPDv8_xPKS2_S5_S2_S2_S2_
FN:54,_ZN5intel4hexl35EltwiseMultModAVX512DQIntLoopUnrollILi59ELi2ELi4096EEEvPDv8_xPKS2_S5_S2_S2_S2_
FN:54,_ZN5intel4hexl35EltwiseMultModAVX512DQIntLoopUnrollILi59ELi1ELi2048EEEvPDv8_xPKS2_S5_S2_S2_S2_
FN:54,_ZN5intel4hexl35EltwiseMultModAVX512DQIntLoopUnrollILi61ELi4ELi32768EEEvPDv8_xPKS2_S5_S2_S2_S2_
FN:54,_ZN5intel4hexl35EltwiseMultModAVX512DQIntLoopUnrollILi51ELi1ELi32768EEEvPDv8_xPKS2_S5_S2_S2_S2_
FN:54,_ZN5intel4hexl35EltwiseMultModAVX512DQIntLoopUnrollILi56ELi1ELi1024EEEvPDv8_xPKS2_S5_S2_S2_S2_
FN:54,_ZN5intel4hexl35EltwiseMultModAVX512DQIntLoopUnrollILi60ELi2ELi16384EEEvPDv8_xPKS2_S5_S2_S2_S2_
FN:54,_ZN5intel4hexl35EltwiseMultModAVX512DQIntLoopUnrollILi58ELi1ELi8192EEEvPDv8_xPKS2_S5_S2_S2_S2_
FN:54,_ZN5intel4hexl35EltwiseMultModAVX512DQIntLoopUnrollILi54ELi1ELi2048EEEvPDv8_xPKS2_S5_S2_S2_S2_
FN:54,_ZN5intel4hexl35EltwiseMultModAVX512DQIntLoopUnrollILi61ELi2ELi2048EEEvPDv8_xPKS2_S5_S2_S2_S2_
FN:54,_ZN5intel4hexl35EltwiseMultModAVX512DQIntLoopUnrollILi59ELi1ELi16384EEEvPDv8_xPKS2_S5_S2_S2_S2_
FN:54,_ZN5intel4hexl35EltwiseMultModAVX512DQIntLoopUnrollILi61ELi4ELi16384EEEvPDv8_xPKS2_S5_S2_S2_S2_
FN:54,_ZN5intel4hexl35EltwiseMultModAVX512DQIntLoopUnrollILi59ELi1ELi4096EEEvPDv8_xPKS2_S5_S2_S2_S2_
FN:54,_ZN5intel4hexl35EltwiseMultModAVX512DQIntLoopUnrollILi62ELi4ELi2048EEEvPDv8_xPKS2_S5_S2_S2_S2_
FN:54,_ZN5intel4hexl35EltwiseMultModAVX512DQIntLoopUnrollILi61ELi1ELi4096EEEvPDv8_xPKS2_S5_S2_S2_S2_
FN:54,_ZN5intel4hexl35EltwiseMultModAVX512DQIntLoopUnrollILi61ELi1ELi16384EEEvPDv8_xPKS2_S5_S2_S2_S2_
FN:54,_ZN5intel4hexl35EltwiseMultModAVX512DQIntLoopUnrollILi54ELi1ELi1024EEEvPDv8_xPKS2_S5_S2_S2_S2_
FN:54,_ZN5intel4hexl35EltwiseMultModAVX512DQIntLoopUnrollILi61ELi2ELi1024EEEvPDv8_xPKS2_S5_S2_S2_S2_
FN:54,_ZN5intel4hexl35EltwiseMultModAVX512DQIntLoopUnrollILi53ELi1ELi8192EEEvPDv8_xPKS2_S5_S2_S2_S2_
FN:54,_ZN5intel4hexl35EltwiseMultModAVX512DQIntLoopUnrollILi58ELi1ELi32768EEEvPDv8_xPKS2_S5_S2_S2_S2_
FN:54,_ZN5intel4hexl35EltwiseMultModAVX512DQIntLoopUnrollILi55ELi1ELi16384EEEvPDv8_xPKS2_S5_S2_S2_S2_
FN:54,_ZN5intel4hexl35EltwiseMultModAVX512DQIntLoopUnrollILi61ELi1ELi2048EEEvPDv8_xPKS2_S5_S2_S2_S2_
FN:54,_ZN5intel4hexl35EltwiseMultModAVX512DQIntLoopUnrollILi54ELi1ELi8192EEEvPDv8_xPKS2_S5_S2_S2_S2_
FN:54,_ZN5intel4hexl35EltwiseMultModAVX512DQIntLoopUnrollILi61ELi2ELi4096EEEvPDv8_xPKS2_S5_S2_S2_S2_
FN:54,_ZN5intel4hexl35EltwiseMultModAVX512DQIntLoopUnrollILi62ELi4ELi1024EEEvPDv8_xPKS2_S5_S2_S2_S2_
FN:54,_ZN5intel4hexl35EltwiseMultModAVX512DQIntLoopUnrollILi58ELi1ELi2048EEEvPDv8_xPKS2_S5_S2_S2_S2_
FN:54,_ZN5intel4hexl35EltwiseMultModAVX512DQIntLoopUnrollILi50ELi1ELi1024EEEvPDv8_xPKS2_S5_S2_S2_S2_
FN:54,_ZN5intel4hexl35EltwiseMultModAVX512DQIntLoopUnrollILi54ELi1ELi4096EEEvPDv8_xPKS2_S5_S2_S2_S2_
FN:54,_ZN5intel4hexl35EltwiseMultModAVX512DQIntLoopUnrollILi50ELi1ELi2048EEEvPDv8_xPKS2_S5_S2_S2_S2_
FN:54,_ZN5intel4hexl35EltwiseMultModAVX512DQIntLoopUnrollILi52ELi1ELi32768EEEvPDv8_xPKS2_S5_S2_S2_S2_
FN:54,_ZN5intel4hexl35EltwiseMultModAVX512DQIntLoopUnrollILi61ELi1ELi8192EEEvPDv8_xPKS2_S5_S2_S2_S2_
FN:54,_ZN5intel4hexl35EltwiseMultModAVX512DQIntLoopUnrollILi59ELi1ELi1024EEEvPDv8_xPKS2_S5_S2_S2_S2_
FN:54,_ZN5intel4hexl35EltwiseMultModAVX512DQIntLoopUnrollILi57ELi1ELi2048EEEvPDv8_xPKS2_S5_S2_S2_S2_
FN:54,_ZN5intel4hexl35EltwiseMultModAVX512DQIntLoopUnrollILi55ELi1ELi2048EEEvPDv8_xPKS2_S5_S2_S2_S2_
FN:54,_ZN5intel4hexl35EltwiseMultModAVX512DQIntLoopUnrollILi60ELi2ELi8192EEEvPDv8_xPKS2_S5_S2_S2_S2_
FN:54,_ZN5intel4hexl35EltwiseMultModAVX512DQIntLoopUnrollILi52ELi1ELi1024EEEvPDv8_xPKS2_S5_S2_S2_S2_
FN:54,_ZN5intel4hexl35EltwiseMultModAVX512DQIntLoopUnrollILi61ELi4ELi4096EEEvPDv8_xPKS2_S5_S2_S2_S2_
FN:54,_ZN5intel4hexl35EltwiseMultModAVX512DQIntLoopUnrollILi59ELi1ELi8192EEEvPDv8_xPKS2_S5_S2_S2_S2_
FN:54,_ZN5intel4hexl35EltwiseMultModAVX512DQIntLoopUnrollILi55ELi1ELi32768EEEvPDv8_xPKS2_S5_S2_S2_S2_
FN:54,_ZN5intel4hexl35EltwiseMultModAVX512DQIntLoopUnrollILi56ELi1ELi32768EEEvPDv8_xPKS2_S5_S2_S2_S2_
FN:54,_ZN5intel4hexl35EltwiseMultModAVX512DQIntLoopUnrollILi62ELi2ELi8192EEEvPDv8_xPKS2_S5_S2_S2_S2_
FN:54,_ZN5intel4hexl35EltwiseMultModAVX512DQIntLoopUnrollILi51ELi1ELi4096EEEvPDv8_xPKS2_S5_S2_S2_S2_
FN:54,_ZN5intel4hexl35EltwiseMultModAVX512DQIntLoopUnrollILi62ELi2ELi32768EEEvPDv8_xPKS2_S5_S2_S2_S2_
FN:54,_ZN5intel4hexl35EltwiseMultModAVX512DQIntLoopUnrollILi52ELi1ELi16384EEEvPDv8_xPKS2_S5_S2_S2_S2_
FN:54,_ZN5intel4hexl35EltwiseMultModAVX512DQIntLoopUnrollILi50ELi1ELi32768EEEvPDv8_xPKS2_S5_S2_S2_S2_
FN:54,_ZN5intel4hexl35EltwiseMultModAVX512DQIntLoopUnrollILi59ELi2ELi2048EEEvPDv8_xPKS2_S5_S2_S2_S2_
FN:54,_ZN5intel4hexl35EltwiseMultModAVX512DQIntLoopUnrollILi60ELi1ELi16384EEEvPDv8_xPKS2_S5_S2_S2_S2_
FN:54,_ZN5intel4hexl35EltwiseMultModAVX512DQIntLoopUnrollILi55ELi1ELi4096EEEvPDv8_xPKS2_S5_S2_S2_S2_
FN:54,_ZN5intel4hexl35EltwiseMultModAVX512DQIntLoopUnrollILi56ELi1ELi4096EEEvPDv8_xPKS2_S5_S2_S2_S2_
FN:54,_ZN5intel4hexl35EltwiseMultModAVX512DQIntLoopUnrollILi60ELi1ELi8192EEEvPDv8_xPKS2_S5_S2_S2_S2_
FN:54,_ZN5intel4hexl35EltwiseMultModAVX512DQIntLoopUnrollILi61ELi4ELi8192EEEvPDv8_xPKS2_S5_S2_S2_S2_
FN:54,_ZN5intel4hexl35EltwiseMultModAVX512DQIntLoopUnrollILi62ELi4ELi32768EEEvPDv8_xPKS2_S5_S2_S2_S2_
FN:54,_ZN5intel4hexl35EltwiseMultModAVX512DQIntLoopUnrollILi53ELi1ELi2048EEEvPDv8_xPKS2_S5_S2_S2_S2_
FN:54,_ZN5intel4hexl35EltwiseMultModAVX512DQIntLoopUnrollILi50ELi1ELi16384EEEvPDv8_xPKS2_S5_S2_S2_S2_
FN:54,_ZN5intel4hexl35EltwiseMultModAVX512DQIntLoopUnrollILi59ELi2ELi16384EEEvPDv8_xPKS2_S5_S2_S2_S2_
FN:54,_ZN5intel4hexl35EltwiseMultModAVX512DQIntLoopUnrollILi62ELi4ELi4096EEEvPDv8_xPKS2_S5_S2_S2_S2_
FN:54,_ZN5intel4hexl35EltwiseMultModAVX512DQIntLoopUnrollILi57ELi1ELi32768EEEvPDv8_xPKS2_S5_S2_S2_S2_
FN:54,_ZN5intel4hexl35EltwiseMultModAVX512DQIntLoopUnrollILi60ELi1ELi1024EEEvPDv8_xPKS2_S5_S2_S2_S2_
FN:54,_ZN5intel4hexl35EltwiseMultModAVX512DQIntLoopUnrollILi53ELi1ELi1024EEEvPDv8_xPKS2_S5_S2_S2_S2_
FN:54,_ZN5intel4hexl35EltwiseMultModAVX512DQIntLoopUnrollILi62ELi2ELi2048EEEvPDv8_xPKS2_S5_S2_S2_S2_
FN:54,_ZN5intel4hexl35EltwiseMultModAVX512DQIntLoopUnrollILi59ELi2ELi8192EEEvPDv8_xPKS2_S5_S2_S2_S2_
FN:54,_ZN5intel4hexl35EltwiseMultModAVX512DQIntLoopUnrollILi57ELi1ELi8192EEEvPDv8_xPKS2_S5_S2_S2_S2_
FN:54,_ZN5intel4hexl35EltwiseMultModAVX512DQIntLoopUnrollILi60ELi4ELi16384EEEvPDv8_xPKS2_S5_S2_S2_S2_
FN:54,_ZN5intel4hexl35EltwiseMultModAVX512DQIntLoopUnrollILi61ELi4ELi2048EEEvPDv8_xPKS2_S5_S2_S2_S2_
FN:54,_ZN5intel4hexl35EltwiseMultModAVX512DQIntLoopUnrollILi60ELi1ELi32768EEEvPDv8_xPKS2_S5_S2_S2_S2_
FN:54,_ZN5intel4hexl35EltwiseMultModAVX512DQIntLoopUnrollILi61ELi2ELi16384EEEvPDv8_xPKS2_S5_S2_S2_S2_
FN:54,_ZN5intel4hexl35EltwiseMultModAVX512DQIntLoopUnrollILi53ELi1ELi4096EEEvPDv8_xPKS2_S5_S2_S2_S2_
FN:54,_ZN5intel4hexl35EltwiseMultModAVX512DQIntLoopUnrollILi60ELi2ELi32768EEEvPDv8_xPKS2_S5_S2_S2_S2_
FN:54,_ZN5intel4hexl35EltwiseMultModAVX512DQIntLoopUnrollILi52ELi1ELi8192EEEvPDv8_xPKS2_S5_S2_S2_S2_
FN:54,_ZN5intel4hexl35EltwiseMultModAVX512DQIntLoopUnrollILi61ELi1ELi32768EEEvPDv8_xPKS2_S5_S2_S2_S2_
FN:54,_ZN5intel4hexl35EltwiseMultModAVX512DQIntLoopUnrollILi62ELi2ELi16384EEEvPDv8_xPKS2_S5_S2_S2_S2_
FN:54,_ZN5intel4hexl35EltwiseMultModAVX512DQIntLoopUnrollILi59ELi4ELi8192EEEvPDv8_xPKS2_S5_S2_S2_S2_
FN:54,_ZN5intel4hexl35EltwiseMultModAVX512DQIntLoopUnrollILi59ELi4ELi4096EEEvPDv8_xPKS2_S5_S2_S2_S2_
FN:54,_ZN5intel4hexl35EltwiseMultModAVX512DQIntLoopUnrollILi61ELi4ELi1024EEEvPDv8_xPKS2_S5_S2_S2_S2_
FN:54,_ZN5intel4hexl35EltwiseMultModAVX512DQIntLoopUnrollILi60ELi4ELi4096EEEvPDv8_xPKS2_S5_S2_S2_S2_
FN:54,_ZN5intel4hexl35EltwiseMultModAVX512DQIntLoopUnrollILi50ELi1ELi8192EEEvPDv8_xPKS2_S5_S2_S2_S2_
FN:54,_ZN5intel4hexl35EltwiseMultModAVX512DQIntLoopUnrollILi62ELi2ELi4096EEEvPDv8_xPKS2_S5_S2_S2_S2_
FN:54,_ZN5intel4hexl35EltwiseMultModAVX512DQIntLoopUnrollILi57ELi1ELi4096EEEvPDv8_xPKS2_S5_S2_S2_S2_
FN:54,_ZN5intel4hexl35EltwiseMultModAVX512DQIntLoopUnrollILi62ELi4ELi8192EEEvPDv8_xPKS2_S5_S2_S2_S2_
FN:54,_ZN5intel4hexl35EltwiseMultModAVX512DQIntLoopUnrollILi56ELi1ELi16384EEEvPDv8_xPKS2_S5_S2_S2_S2_
FN:54,_ZN5intel4hexl35EltwiseMultModAVX512DQIntLoopUnrollILi53ELi1ELi32768EEEvPDv8_xPKS2_S5_S2_S2_S2_
FN:54,_ZN5intel4hexl35EltwiseMultModAVX512DQIntLoopUnrollILi60ELi4ELi2048EEEvPDv8_xPKS2_S5_S2_S2_S2_
FN:54,_ZN5intel4hexl35EltwiseMultModAVX512DQIntLoopUnrollILi61ELi2ELi8192EEEvPDv8_xPKS2_S5_S2_S2_S2_
FN:54,_ZN5intel4hexl35EltwiseMultModAVX512DQIntLoopUnrollILi62ELi4ELi16384EEEvPDv8_xPKS2_S5_S2_S2_S2_
FN:54,_ZN5intel4hexl35EltwiseMultModAVX512DQIntLoopUnrollILi59ELi4ELi1024EEEvPDv8_xPKS2_S5_S2_S2_S2_
FN:54,_ZN5intel4hexl35EltwiseMultModAVX512DQIntLoopUnrollILi59ELi4ELi32768EEEvPDv8_xPKS2_S5_S2_S2_S2_
FN:54,_ZN5intel4hexl35EltwiseMultModAVX512DQIntLoopUnrollILi60ELi4ELi8192EEEvPDv8_xPKS2_S5_S2_S2_S2_
FN:54,_ZN5intel4hexl35EltwiseMultModAVX512DQIntLoopUnrollILi62ELi2ELi1024EEEvPDv8_xPKS2_S5_S2_S2_S2_
FN:54,_ZN5intel4hexl35EltwiseMultModAVX512DQIntLoopUnrollILi59ELi4ELi16384EEEvPDv8_xPKS2_S5_S2_S2_S2_
FN:54,_ZN5intel4hexl35EltwiseMultModAVX512DQIntLoopUnrollILi53ELi1ELi16384EEEvPDv8_xPKS2_S5_S2_S2_S2_
FN:54,_ZN5intel4hexl35EltwiseMultModAVX512DQIntLoopUnrollILi51ELi1ELi1024EEEvPDv8_xPKS2_S5_S2_S2_S2_
FN:54,_ZN5intel4hexl35EltwiseMultModAVX512DQIntLoopUnrollILi59ELi1ELi32768EEEvPDv8_xPKS2_S5_S2_S2_S2_
FN:54,_ZN5intel4hexl35EltwiseMultModAVX512DQIntLoopUnrollILi55ELi1ELi1024EEEvPDv8_xPKS2_S5_S2_S2_S2_
FN:54,_ZN5intel4hexl35EltwiseMultModAVX512DQIntLoopUnrollILi59ELi4ELi2048EEEvPDv8_xPKS2_S5_S2_S2_S2_
FN:54,_ZN5intel4hexl35EltwiseMultModAVX512DQIntLoopUnrollILi61ELi2ELi32768EEEvPDv8_xPKS2_S5_S2_S2_S2_
FN:54,_ZN5intel4hexl35EltwiseMultModAVX512DQIntLoopUnrollILi57ELi1ELi1024EEEvPDv8_xPKS2_S5_S2_S2_S2_
FN:312,_ZN5intel4hexl36EltwiseMultModAVX512DQIntLoopDefaultILi50ELi1EEEvPDv8_xPKS2_S5_S2_S2_S2_m
FN:312,_ZN5intel4hexl36EltwiseMultModAVX512DQIntLoopDefaultILi57ELi1EEEvPDv8_xPKS2_S5_S2_S2_S2_m
FN:312,_ZN5intel4hexl36EltwiseMultModAVX512DQIntLoopDefaultILi51ELi1EEEvPDv8_xPKS2_S5_S2_S2_S2_m
FN:312,_ZN5intel4hexl36EltwiseMultModAVX512DQIntLoopDefaultILi60ELi4EEEvPDv8_xPKS2_S5_S2_S2_S2_m
FN:312,_ZN5intel4hexl36EltwiseMultModAVX512DQIntLoopDefaultILi59ELi4EEEvPDv8_xPKS2_S5_S2_S2_S2_m
FN:312,_ZN5intel4hexl36EltwiseMultModAVX512DQIntLoopDefaultILi55ELi1EEEvPDv8_xPKS2_S5_S2_S2_S2_m
FN:312,_ZN5intel4hexl36EltwiseMultModAVX512DQIntLoopDefaultILi62ELi4EEEvPDv8_xPKS2_S5_S2_S2_S2_m
FN:312,_ZN5intel4hexl36EltwiseMultModAVX512DQIntLoopDefaultILi61ELi2EEEvPDv8_xPKS2_S5_S2_S2_S2_m
FN:312,_ZN5intel4hexl36EltwiseMultModAVX512DQIntLoopDefaultILi60ELi1EEEvPDv8_xPKS2_S5_S2_S2_S2_m
FN:312,_ZN5intel4hexl36EltwiseMultModAVX512DQIntLoopDefaultILi62ELi2EEEvPDv8_xPKS2_S5_S2_S2_S2_m
FN:312,_ZN5intel4hexl36EltwiseMultModAVX512DQIntLoopDefaultILi54ELi1EEEvPDv8_xPKS2_S5_S2_S2_S2_m
FN:312,_ZN5intel4hexl36EltwiseMultModAVX512DQIntLoopDefaultILi53ELi1EEEvPDv8_xPKS2_S5_S2_S2_S2_m
FN:312,_ZN5intel4hexl36EltwiseMultModAVX512DQIntLoopDefaultILi60ELi2EEEvPDv8_xPKS2_S5_S2_S2_S2_m
FN:312,_ZN5intel4hexl36EltwiseMultModAVX512DQIntLoopDefaultILi61ELi4EEEvPDv8_xPKS2_S5_S2_S2_S2_m
FN:312,_ZN5intel4hexl36EltwiseMultModAVX512DQIntLoopDefaultILi52ELi1EEEvPDv8_xPKS2_S5_S2_S2_S2_m
FN:312,_ZN5intel4hexl36EltwiseMultModAVX512DQIntLoopDefaultILi61ELi1EEEvPDv8_xPKS2_S5_S2_S2_S2_m
FN:312,_ZN5intel4hexl36EltwiseMultModAVX512DQIntLoopDefaultILi59ELi2EEEvPDv8_xPKS2_S5_S2_S2_S2_m
FN:312,_ZN5intel4hexl36EltwiseMultModAVX512DQIntLoopDefaultILi56ELi1EEEvPDv8_xPKS2_S5_S2_S2_S2_m
FN:312,_ZN5intel4hexl36EltwiseMultModAVX512DQIntLoopDefaultILi59ELi1EEEvPDv8_xPKS2_S5_S2_S2_S2_m
FN:312,_ZN5intel4hexl36EltwiseMultModAVX512DQIntLoopDefaultILi58ELi1EEEvPDv8_xPKS2_S5_S2_S2_S2_m
FN:356,_ZN5intel4hexl36EltwiseMultModAVX512DQIntLoopDefaultILi2EEEvPDv8_xPKS2_S5_S2_S2_S2_mm
FN:356,_ZN5intel4hexl36EltwiseMultModAVX512DQIntLoopDefaultILi4EEEvPDv8_xPKS2_S5_S2_S2_S2_mm
FN:356,_ZN5intel4hexl36EltwiseMultModAVX512DQIntLoopDefaultILi1EEEvPDv8_xPKS2_S5_S2_S2_S2_mm
FN:401,_ZN5intel4hexl29EltwiseMultModAVX512DQIntLoopILi60ELi1EEEvPDv8_xPKS2_S5_S2_S2_S2_m
FN:401,_ZN5intel4hexl29EltwiseMultModAVX512DQIntLoopILi61ELi1EEEvPDv8_xPKS2_S5_S2_S2_S2_m
FN:401,_ZN5intel4hexl29EltwiseMultModAVX512DQIntLoopILi51ELi1EEEvPDv8_xPKS2_S5_S2_S2_S2_m
FN:401,_ZN5intel4hexl29EltwiseMultModAVX512DQIntLoopILi57ELi1EEEvPDv8_xPKS2_S5_S2_S2_S2_m
FN:401,_ZN5intel4hexl29EltwiseMultModAVX512DQIntLoopILi59ELi4EEEvPDv8_xPKS2_S5_S2_S2_S2_m
FN:401,_ZN5intel4hexl29EltwiseMultModAVX512DQIntLoopILi62ELi2EEEvPDv8_xPKS2_S5_S2_S2_S2_m
FN:401,_ZN5intel4hexl29EltwiseMultModAVX512DQIntLoopILi50ELi1EEEvPDv8_xPKS2_S5_S2_S2_S2_m
FN:401,_ZN5intel4hexl29EltwiseMultModAVX512DQIntLoopILi59ELi2EEEvPDv8_xPKS2_S5_S2_S2_S2_m
FN:401,_ZN5intel4hexl29EltwiseMultModAVX512DQIntLoopILi60ELi4EEEvPDv8_xPKS2_S5_S2_S2_S2_m
FN:401,_ZN5intel4hexl29EltwiseMultModAVX512DQIntLoopILi62ELi4EEEvPDv8_xPKS2_S5_S2_S2_S2_m
FN:401,_ZN5intel4hexl29EltwiseMultModAVX512DQIntLoopILi58ELi1EEEvPDv8_xPKS2_S5_S2_S2_S2_m
FN:401,_ZN5intel4hexl29EltwiseMultModAVX512DQIntLoopILi54ELi1EEEvPDv8_xPKS2_S5_S2_S2_S2_m
FN:401,_ZN5intel4hexl29EltwiseMultModAVX512DQIntLoopILi59ELi1EEEvPDv8_xPKS2_S5_S2_S2_S2_m
FN:401,_ZN5intel4hexl29EltwiseMultModAVX512DQIntLoopILi55ELi1EEEvPDv8_xPKS2_S5_S2_S2_S2_m
FN:401,_ZN5intel4hexl29EltwiseMultModAVX512DQIntLoopILi53ELi1EEEvPDv8_xPKS2_S5_S2_S2_S2_m
FN:401,_ZN5intel4hexl29EltwiseMultModAVX512DQIntLoopILi60ELi2EEEvPDv8_xPKS2_S5_S2_S2_S2_m
FN:401,_ZN5intel4hexl29EltwiseMultModAVX512DQIntLoopILi56ELi1EEEvPDv8_xPKS2_S5_S2_S2_S2_m
FN:401,_ZN5intel4hexl29EltwiseMultModAVX512DQIntLoopILi61ELi4EEEvPDv8_xPKS2_S5_S2_S2_S2_m
FN:401,_ZN5intel4hexl29EltwiseMultModAVX512DQIntLoopILi52ELi1EEEvPDv8_xPKS2_S5_S2_S2_S2_m
FN:401,_ZN5intel4hexl29EltwiseMultModAVX512DQIntLoopILi61ELi2EEEvPDv8_xPKS2_S5_S2_S2_S2_m
FN:460,_ZN5intel4hexl25EltwiseMultModAVX512DQIntILi4EEEvPmPKmS4_mm
FN:460,_ZN5intel4hexl25EltwiseMultModAVX512DQIntILi1EEEvPmPKmS4_mm
FN:460,_ZN5intel4hexl25EltwiseMultModAVX512DQIntILi2EEEvPmPKmS4_mm
FN:551,_ZN5intel4hexl36EltwiseMultModAVX512FloatLoopDefaultILi2EEEvPDv8_xPKS2_S5_Dv8_dS6_S2_S2_m
FN:551,_ZN5intel4hexl36EltwiseMultModAVX512FloatLoopDefaultILi4EEEvPDv8_xPKS2_S5_Dv8_dS6_S2_S2_m
FN:551,_ZN5intel4hexl36EltwiseMultModAVX512FloatLoopDefaultILi1EEEvPDv8_xPKS2_S5_Dv8_dS6_S2_S2_m
FN:593,_ZN5intel4hexl35EltwiseMultModAVX512FloatLoopUnrollILi1ELi4096EEEvPDv8_xPKS2_S5_Dv8_dS6_S2_S2_
FN:593,_ZN5intel4hexl35EltwiseMultModAVX512FloatLoopUnrollILi2ELi8192EEEvPDv8_xPKS2_S5_Dv8_dS6_S2_S2_
FN:593,_ZN5intel4hexl35EltwiseMultModAVX512FloatLoopUnrollILi2ELi16384EEEvPDv8_xPKS2_S5_Dv8_dS6_S2_S2_
FN:593,_ZN5intel4hexl35EltwiseMultModAVX512FloatLoopUnrollILi2ELi4096EEEvPDv8_xPKS2_S5_Dv8_dS6_S2_S2_
FN:593,_ZN5intel4hexl35EltwiseMultModAVX512FloatLoopUnrollILi1ELi16384EEEvPDv8_xPKS2_S5_Dv8_dS6_S2_S2_
FN:593,_ZN5intel4hexl35EltwiseMultModAVX512FloatLoopUnrollILi4ELi8192EEEvPDv8_xPKS2_S5_Dv8_dS6_S2_S2_
FN:593,_ZN5intel4hexl35EltwiseMultModAVX512FloatLoopUnrollILi2ELi2048EEEvPDv8_xPKS2_S5_Dv8_dS6_S2_S2_
FN:593,_ZN5intel4hexl35EltwiseMultModAVX512FloatLoopUnrollILi4ELi2048EEEvPDv8_xPKS2_S5_Dv8_dS6_S2_S2_
FN:593,_ZN5intel4hexl35EltwiseMultModAVX512FloatLoopUnrollILi4ELi16384EEEvPDv8_xPKS2_S5_Dv8_dS6_S2_S2_
FN:593,_ZN5intel4hexl35EltwiseMultModAVX512FloatLoopUnrollILi1ELi2048EEEvPDv8_xPKS2_S5_Dv8_dS6_S2_S2_
FN:593,_ZN5intel4hexl35EltwiseMultModAVX512FloatLoopUnrollILi4ELi4096EEEvPDv8_xPKS2_S5_Dv8_dS6_S2_S2_
FN:593,_ZN5intel4hexl35EltwiseMultModAVX512FloatLoopUnrollILi1ELi32768EEEvPDv8_xPKS2_S5_Dv8_dS6_S2_S2_
FN:593,_ZN5intel4hexl35EltwiseMultModAVX512FloatLoopUnrollILi4ELi1024EEEvPDv8_xPKS2_S5_Dv8_dS6_S2_S2_
FN:593,_ZN5intel4hexl35EltwiseMultModAVX512FloatLoopUnrollILi2ELi1024EEEvPDv8_xPKS2_S5_Dv8_dS6_S2_S2_
FN:593,_ZN5intel4hexl35EltwiseMultModAVX512FloatLoopUnrollILi4ELi32768EEEvPDv8_xPKS2_S5_Dv8_dS6_S2_S2_
FN:593,_ZN5intel4hexl35EltwiseMultModAVX512FloatLoopUnrollILi1ELi1024EEEvPDv8_xPKS2_S5_Dv8_dS6_S2_S2_
FN:593,_ZN5intel4hexl35EltwiseMultModAVX512FloatLoopUnrollILi1ELi8192EEEvPDv8_xPKS2_S5_Dv8_dS6_S2_S2_
FN:593,_ZN5intel4hexl35EltwiseMultModAVX512FloatLoopUnrollILi2ELi32768EEEvPDv8_xPKS2_S5_Dv8_dS6_S2_S2_
FN:704,_ZN5intel4hexl29EltwiseMultModAVX512FloatLoopILi4EEEvPDv8_xPKS2_S5_Dv8_dS6_S2_S2_m
FN:704,_ZN5intel4hexl29EltwiseMultModAVX512FloatLoopILi1EEEvPDv8_xPKS2_S5_Dv8_dS6_S2_S2_m
FN:704,_ZN5intel4hexl29EltwiseMultModAVX512FloatLoopILi2EEEvPDv8_xPKS2_S5_Dv8_dS6_S2_S2_m
FN:758,_ZN5intel4hexl25EltwiseMultModAVX512FloatILi2EEEvPmPKmS4_mm
FN:758,_ZN5intel4hexl25EltwiseMultModAVX512FloatILi4EEEvPmPKmS4_mm
FN:758,_ZN5intel4hexl25EltwiseMultModAVX512FloatILi1EEEvPmPKmS4_mm
FNDA:360,_ZN5intel4hexl29EltwiseMultModAVX512DQIntLoopILi58ELi1EEEvPDv8_xPKS2_S5_S2_S2_S2_m
FNDA:480,_ZN5intel4hexl35EltwiseMultModAVX512FloatLoopUnrollILi1ELi2048EEEvPDv8_xPKS2_S5_Dv8_dS6_S2_S2_
FNDA:0,_ZN5intel4hexl29EltwiseMultModAVX512DQIntLoopILi62ELi4EEEvPDv8_xPKS2_S5_S2_S2_S2_m
FNDA:20,_ZN5intel4hexl35EltwiseMultModAVX512DQIntLoopUnrollILi61ELi1ELi2048EEEvPDv8_xPKS2_S5_S2_S2_S2_
FNDA:60,_ZN5intel4hexl35EltwiseMultModAVX512DQIntLoopUnrollILi55ELi1ELi16384EEEvPDv8_xPKS2_S5_S2_S2_S2_
FNDA:60,_ZN5intel4hexl35EltwiseMultModAVX512DQIntLoopUnrollILi58ELi1ELi32768EEEvPDv8_xPKS2_S5_S2_S2_S2_
FNDA:0,_ZN5intel4hexl35EltwiseMultModAVX512DQIntLoopUnrollILi62ELi4ELi1024EEEvPDv8_xPKS2_S5_S2_S2_S2_
FNDA:61,_ZN5intel4hexl35EltwiseMultModAVX512DQIntLoopUnrollILi54ELi1ELi8192EEEvPDv8_xPKS2_S5_S2_S2_S2_
FNDA:20,_ZN5intel4hexl35EltwiseMultModAVX512DQIntLoopUnrollILi61ELi2ELi4096EEEvPDv8_xPKS2_S5_S2_S2_S2_
FNDA:366,_ZN5intel4hexl29EltwiseMultModAVX512DQIntLoopILi54ELi1EEEvPDv8_xPKS2_S5_S2_S2_S2_m
FNDA:1,_ZN5intel4hexl36EltwiseMultModAVX512DQIntLoopDefaultILi61ELi2EEEvPDv8_xPKS2_S5_S2_S2_S2_m
FNDA:20,_ZN5intel4hexl35EltwiseMultModAVX512DQIntLoopUnrollILi50ELi1ELi1024EEEvPDv8_xPKS2_S5_S2_S2_S2_
FNDA:60,_ZN5intel4hexl35EltwiseMultModAVX512DQIntLoopUnrollILi58ELi1ELi2048EEEvPDv8_xPKS2_S5_S2_S2_S2_
FNDA:61,_ZN5intel4hexl35EltwiseMultModAVX512DQIntLoopUnrollILi54ELi1ELi4096EEEvPDv8_xPKS2_S5_S2_S2_S2_
FNDA:20,_ZN5intel4hexl35EltwiseMultModAVX512DQIntLoopUnrollILi50ELi1ELi2048EEEvPDv8_xPKS2_S5_S2_S2_S2_
FNDA:40,_ZN5intel4hexl35EltwiseMultModAVX512DQIntLoopUnrollILi59ELi1ELi1024EEEvPDv8_xPKS2_S5_S2_S2_S2_
FNDA:60,_ZN5intel4hexl35EltwiseMultModAVX512DQIntLoopUnrollILi52ELi1ELi32768EEEvPDv8_xPKS2_S5_S2_S2_S2_
FNDA:20,_ZN5intel4hexl35EltwiseMultModAVX512DQIntLoopUnrollILi61ELi1ELi8192EEEvPDv8_xPKS2_S5_S2_S2_S2_
FNDA:121,_ZN5intel4hexl29EltwiseMultModAVX512DQIntLoopILi50ELi1EEEvPDv8_xPKS2_S5_S2_S2_S2_m
FNDA:20,_ZN5intel4hexl35EltwiseMultModAVX512DQIntLoopUnrollILi61ELi2ELi2048EEEvPDv8_xPKS2_S5_S2_S2_S2_
FNDA:40,_ZN5intel4hexl35EltwiseMultModAVX512DQIntLoopUnrollILi59ELi1ELi4096EEEvPDv8_xPKS2_S5_S2_S2_S2_
FNDA:20,_ZN5intel4hexl35EltwiseMultModAVX512DQIntLoopUnrollILi61ELi4ELi16384EEEvPDv8_xPKS2_S5_S2_S2_S2_
FNDA:40,_ZN5intel4hexl35EltwiseMultModAVX512DQIntLoopUnrollILi59ELi1ELi16384EEEvPDv8_xPKS2_S5_S2_S2_S2_
FNDA:0,_ZN5intel4hexl29EltwiseMultModAVX512DQIntLoopILi59ELi2EEEvPDv8_xPKS2_S5_S2_S2_S2_m
FNDA:20,_ZN5intel4hexl35EltwiseMultModAVX512DQIntLoopUnrollILi61ELi1ELi4096EEEvPDv8_xPKS2_S5_S2_S2_S2_
FNDA:0,_ZN5intel4hexl35EltwiseMultModAVX512DQIntLoopUnrollILi62ELi4ELi2048EEEvPDv8_xPKS2_S5_S2_S2_S2_
FNDA:0,_ZN5intel4hexl36EltwiseMultModAVX512DQIntLoopDefaultILi62ELi4EEEvPDv8_xPKS2_S5_S2_S2_S2_m
FNDA:20,_ZN5intel4hexl35EltwiseMultModAVX512DQIntLoopUnrollILi61ELi2ELi1024EEEvPDv8_xPKS2_S5_S2_S2_S2_
FNDA:60,_ZN5intel4hexl35EltwiseMultModAVX512DQIntLoopUnrollILi53ELi1ELi8192EEEvPDv8_xPKS2_S5_S2_S2_S2_
FNDA:61,_ZN5intel4hexl35EltwiseMultModAVX512DQIntLoopUnrollILi54ELi1ELi1024EEEvPDv8_xPKS2_S5_S2_S2_S2_
FNDA:20,_ZN5intel4hexl35EltwiseMultModAVX512DQIntLoopUnrollILi61ELi1ELi16384EEEvPDv8_xPKS2_S5_S2_S2_S2_
FNDA:120,_ZN5intel4hexl29EltwiseMultModAVX512DQIntLoopILi60ELi4EEEvPDv8_xPKS2_S5_S2_S2_S2_m
FNDA:60,_ZN5intel4hexl35EltwiseMultModAVX512DQIntLoopUnrollILi51ELi1ELi32768EEEvPDv8_xPKS2_S5_S2_S2_S2_
FNDA:60,_ZN5intel4hexl35EltwiseMultModAVX512DQIntLoopUnrollILi56ELi1ELi1024EEEvPDv8_xPKS2_S5_S2_S2_S2_
FNDA:120,_ZN5intel4hexl29EltwiseMultModAVX512DQIntLoopILi59ELi4EEEvPDv8_xPKS2_S5_S2_S2_S2_m
FNDA:2885,_ZN5intel4hexl29EltwiseMultModAVX512FloatLoopILi1EEEvPDv8_xPKS2_S5_Dv8_dS6_S2_S2_m
FNDA:0,_ZN5intel4hexl29EltwiseMultModAVX512DQIntLoopILi62ELi2EEEvPDv8_xPKS2_S5_S2_S2_S2_m
FNDA:61,_ZN5intel4hexl35EltwiseMultModAVX512DQIntLoopUnrollILi54ELi1ELi2048EEEvPDv8_xPKS2_S5_S2_S2_S2_
FNDA:60,_ZN5intel4hexl35EltwiseMultModAVX512DQIntLoopUnrollILi58ELi1ELi8192EEEvPDv8_xPKS2_S5_S2_S2_S2_
FNDA:0,_ZN5intel4hexl35EltwiseMultModAVX512DQIntLoopUnrollILi60ELi2ELi16384EEEvPDv8_xPKS2_S5_S2_S2_S2_
FNDA:60,_ZN5intel4hexl35EltwiseMultModAVX512DQIntLoopUnrollILi51ELi1ELi16384EEEvPDv8_xPKS2_S5_S2_S2_S2_
FNDA:60,_ZN5intel4hexl35EltwiseMultModAVX512DQIntLoopUnrollILi58ELi1ELi16384EEEvPDv8_xPKS2_S5_S2_S2_S2_
FNDA:60,_ZN5intel4hexl35EltwiseMultModAVX512DQIntLoopUnrollILi52ELi1ELi2048EEEvPDv8_xPKS2_S5_S2_S2_S2_
FNDA:0,_ZN5intel4hexl36EltwiseMultModAVX512DQIntLoopDefaultILi59ELi4EEEvPDv8_xPKS2_S5_S2_S2_S2_m
FNDA:60,_ZN5intel4hexl35EltwiseMultModAVX512DQIntLoopUnrollILi55ELi1ELi8192EEEvPDv8_xPKS2_S5_S2_S2_S2_
FNDA:40,_ZN5intel4hexl35EltwiseMultModAVX512DQIntLoopUnrollILi60ELi1ELi2048EEEvPDv8_xPKS2_S5_S2_S2_S2_
FNDA:0,_ZN5intel4hexl36EltwiseMultModAVX512DQIntLoopDefaultILi55ELi1EEEvPDv8_xPKS2_S5_S2_S2_S2_m
FNDA:1205,_ZN5intel4hexl25EltwiseMultModAVX512FloatILi1EEEvPmPKmS4_mm
FNDA:0,_ZN5intel4hexl35EltwiseMultModAVX512DQIntLoopUnrollILi59ELi2ELi4096EEEvPDv8_xPKS2_S5_S2_S2_S2_
FNDA:60,_ZN5intel4hexl35EltwiseMultModAVX512DQIntLoopUnrollILi57ELi1ELi16384EEEvPDv8_xPKS2_S5_S2_S2_S2_
FNDA:0,_ZN5intel4hexl36EltwiseMultModAVX512DQIntLoopDefaultILi2EEEvPDv8_xPKS2_S5_S2_S2_S2_mm
FNDA:0,_ZN5intel4hexl36EltwiseMultModAVX512FloatLoopDefaultILi1EEEvPDv8_xPKS2_S5_Dv8_dS6_S2_S2_m
FNDA:0,_ZN5intel4hexl35EltwiseMultModAVX512DQIntLoopUnrollILi59ELi2ELi32768EEEvPDv8_xPKS2_S5_S2_S2_S2_
FNDA:40,_ZN5intel4hexl35EltwiseMultModAVX512DQIntLoopUnrollILi59ELi1ELi2048EEEvPDv8_xPKS2_S5_S2_S2_S2_
FNDA:20,_ZN5intel4hexl35EltwiseMultModAVX512DQIntLoopUnrollILi61ELi4ELi32768EEEvPDv8_xPKS2_S5_S2_S2_S2_
FNDA:1328,_ZN5intel4hexl25EltwiseMultModAVX512DQIntILi1EEEvPmPKmS4_mm
FNDA:0,_ZN5intel4hexl35EltwiseMultModAVX512DQIntLoopUnrollILi60ELi2ELi4096EEEvPDv8_xPKS2_S5_S2_S2_S2_
FNDA:60,_ZN5intel4hexl35EltwiseMultModAVX512DQIntLoopUnrollILi56ELi1ELi2048EEEvPDv8_xPKS2_S5_S2_S2_S2_
FNDA:360,_ZN5intel4hexl29EltwiseMultModAVX512DQIntLoopILi51ELi1EEEvPDv8_xPKS2_S5_S2_S2_S2_m
FNDA:360,_ZN5intel4hexl29EltwiseMultModAVX512DQIntLoopILi57ELi1EEEvPDv8_xPKS2_S5_S2_S2_S2_m
FNDA:0,_ZN5intel4hexl35EltwiseMultModAVX512DQIntLoopUnrollILi60ELi2ELi2048EEEvPDv8_xPKS2_S5_S2_S2_S2_
FNDA:0,_ZN5intel4hexl36EltwiseMultModAVX512DQIntLoopDefaultILi60ELi4EEEvPDv8_xPKS2_S5_S2_S2_S2_m
FNDA:30,_ZN5intel4hexl35EltwiseMultModAVX512FloatLoopUnrollILi2ELi2048EEEvPDv8_xPKS2_S5_Dv8_dS6_S2_S2_
FNDA:60,_ZN5intel4hexl35EltwiseMultModAVX512FloatLoopUnrollILi4ELi2048EEEvPDv8_xPKS2_S5_Dv8_dS6_S2_S2_
FNDA:60,_ZN5intel4hexl35EltwiseMultModAVX512DQIntLoopUnrollILi51ELi1ELi8192EEEvPDv8_xPKS2_S5_S2_S2_S2_
FNDA:0,_ZN5intel4hexl36EltwiseMultModAVX512DQIntLoopDefaultILi51ELi1EEEvPDv8_xPKS2_S5_S2_S2_S2_m
FNDA:60,_ZN5intel4hexl35EltwiseMultModAVX512FloatLoopUnrollILi4ELi8192EEEvPDv8_xPKS2_S5_Dv8_dS6_S2_S2_
FNDA:60,_ZN5intel4hexl35EltwiseMultModAVX512DQIntLoopUnrollILi51ELi1ELi2048EEEvPDv8_xPKS2_S5_S2_S2_S2_
FNDA:120,_ZN5intel4hexl29EltwiseMultModAVX512DQIntLoopILi61ELi1EEEvPDv8_xPKS2_S5_S2_S2_S2_m
FNDA:1,_ZN5intel4hexl36EltwiseMultModAVX512FloatLoopDefaultILi4EEEvPDv8_xPKS2_S5_Dv8_dS6_S2_S2_m
FNDA:1441,_ZN5intel4hexl25EltwiseMultModAVX512DQIntILi4EEEvPmPKmS4_mm
FNDA:60,_ZN5intel4hexl35EltwiseMultModAVX512FloatLoopUnrollILi4ELi16384EEEvPDv8_xPKS2_S5_Dv8_dS6_S2_S2_
FNDA:1081,_ZN5intel4hexl25EltwiseMultModAVX512FloatILi4EEEvPmPKmS4_mm
FNDA:30,_ZN5intel4hexl35EltwiseMultModAVX512FloatLoopUnrollILi2ELi16384EEEvPDv8_xPKS2_S5_Dv8_dS6_S2_S2_
FNDA:361,_ZN5intel4hexl29EltwiseMultModAVX512FloatLoopILi4EEEvPDv8_xPKS2_S5_Dv8_dS6_S2_S2_m
FNDA:60,_ZN5intel4hexl35EltwiseMultModAVX512DQIntLoopUnrollILi58ELi1ELi4096EEEvPDv8_xPKS2_S5_S2_S2_S2_
FNDA:30,_ZN5intel4hexl35EltwiseMultModAVX512FloatLoopUnrollILi2ELi4096EEEvPDv8_xPKS2_S5_Dv8_dS6_S2_S2_
FNDA:0,_ZN5intel4hexl36EltwiseMultModAVX512FloatLoopDefaultILi2EEEvPDv8_xPKS2_S5_Dv8_dS6_S2_S2_m
FNDA:20,_ZN5intel4hexl35EltwiseMultModAVX512DQIntLoopUnrollILi50ELi1ELi4096EEEvPDv8_xPKS2_S5_S2_S2_S2_
FNDA:60,_ZN5intel4hexl35EltwiseMultModAVX512DQIntLoopUnrollILi58ELi1ELi1024EEEvPDv8_xPKS2_S5_S2_S2_S2_
FNDA:480,_ZN5intel4hexl35EltwiseMultModAVX512FloatLoopUnrollILi1ELi16384EEEvPDv8_xPKS2_S5_Dv8_dS6_S2_S2_
FNDA:61,_ZN5intel4hexl35EltwiseMultModAVX512DQIntLoopUnrollILi54ELi1ELi32768EEEvPDv8_xPKS2_S5_S2_S2_S2_
FNDA:0,_ZN5intel4hexl35EltwiseMultModAVX512DQIntLoopUnrollILi59ELi2ELi1024EEEvPDv8_xPKS2_S5_S2_S2_S2_
FNDA:0,_ZN5intel4hexl36EltwiseMultModAVX512DQIntLoopDefaultILi57ELi1EEEvPDv8_xPKS2_S5_S2_S2_S2_m
FNDA:20,_ZN5intel4hexl35EltwiseMultModAVX512DQIntLoopUnrollILi60ELi4ELi1024EEEvPDv8_xPKS2_S5_S2_S2_S2_
FNDA:61,_ZN5intel4hexl35EltwiseMultModAVX512DQIntLoopUnrollILi54ELi1ELi16384EEEvPDv8_xPKS2_S5_S2_S2_S2_
FNDA:480,_ZN5intel4hexl35EltwiseMultModAVX512FloatLoopUnrollILi1ELi4096EEEvPDv8_xPKS2_S5_Dv8_dS6_S2_S2_
FNDA:240,_ZN5intel4hexl29EltwiseMultModAVX512DQIntLoopILi60ELi1EEEvPDv8_xPKS2_S5_S2_S2_S2_m
FNDA:40,_ZN5intel4hexl35EltwiseMultModAVX512DQIntLoopUnrollILi60ELi1ELi4096EEEvPDv8_xPKS2_S5_S2_S2_S2_
FNDA:60,_ZN5intel4hexl35EltwiseMultModAVX512DQIntLoopUnrollILi52ELi1ELi4096EEEvPDv8_xPKS2_S5_S2_S2_S2_
FNDA:20,_ZN5intel4hexl35EltwiseMultModAVX512DQIntLoopUnrollILi60ELi4ELi32768EEEvPDv8_xPKS2_S5_S2_S2_S2_
FNDA:1,_ZN5intel4hexl36EltwiseMultModAVX512DQIntLoopDefaultILi50ELi1EEEvPDv8_xPKS2_S5_S2_S2_S2_m
FNDA:20,_ZN5intel4hexl35EltwiseMultModAVX512DQIntLoopUnrollILi61ELi1ELi1024EEEvPDv8_xPKS2_S5_S2_S2_S2_
FNDA:0,_ZN5intel4hexl35EltwiseMultModAVX512DQIntLoopUnrollILi60ELi2ELi1024EEEvPDv8_xPKS2_S5_S2_S2_S2_
FNDA:30,_ZN5intel4hexl35EltwiseMultModAVX512FloatLoopUnrollILi2ELi8192EEEvPDv8_xPKS2_S5_Dv8_dS6_S2_S2_
FNDA:1140,_ZN5intel4hexl25EltwiseMultModAVX512FloatILi2EEEvPmPKmS4_mm
FNDA:60,_ZN5intel4hexl35EltwiseMultModAVX512DQIntLoopUnrollILi56ELi1ELi8192EEEvPDv8_xPKS2_S5_S2_S2_S2_
FNDA:20,_ZN5intel4hexl35EltwiseMultModAVX512DQIntLoopUnrollILi61ELi2ELi32768EEEvPDv8_xPKS2_S5_S2_S2_S2_
FNDA:20,_ZN5intel4hexl35EltwiseMultModAVX512DQIntLoopUnrollILi59ELi4ELi2048EEEvPDv8_xPKS2_S5_S2_S2_S2_
FNDA:40,_ZN5intel4hexl35EltwiseMultModAVX512DQIntLoopUnrollILi59ELi1ELi32768EEEvPDv8_xPKS2_S5_S2_S2_S2_
FNDA:60,_ZN5intel4hexl35EltwiseMultModAVX512DQIntLoopUnrollILi55ELi1ELi1024EEEvPDv8_xPKS2_S5_S2_S2_S2_
FNDA:480,_ZN5intel4hexl35EltwiseMultModAVX512FloatLoopUnrollILi1ELi8192EEEvPDv8_xPKS2_S5_Dv8_dS6_S2_S2_
FNDA:60,_ZN5intel4hexl35EltwiseMultModAVX512DQIntLoopUnrollILi57ELi1ELi1024EEEvPDv8_xPKS2_S5_S2_S2_S2_
FNDA:30,_ZN5intel4hexl35EltwiseMultModAVX512FloatLoopUnrollILi2ELi32768EEEvPDv8_xPKS2_S5_Dv8_dS6_S2_S2_
FNDA:0,_ZN5intel4hexl36EltwiseMultModAVX512DQIntLoopDefaultILi58ELi1EEEvPDv8_xPKS2_S5_S2_S2_S2_m
FNDA:0,_ZN5intel4hexl36EltwiseMultModAVX512DQIntLoopDefaultILi59ELi1EEEvPDv8_xPKS2_S5_S2_S2_S2_m
FNDA:60,_ZN5intel4hexl35EltwiseMultModAVX512DQIntLoopUnrollILi56ELi1ELi16384EEEvPDv8_xPKS2_S5_S2_S2_S2_
FNDA:60,_ZN5intel4hexl35EltwiseMultModAVX512DQIntLoopUnrollILi53ELi1ELi32768EEEvPDv8_xPKS2_S5_S2_S2_S2_
FNDA:20,_ZN5intel4hexl35EltwiseMultModAVX512DQIntLoopUnrollILi59ELi4ELi1024EEEvPDv8_xPKS2_S5_S2_S2_S2_
FNDA:0,_ZN5intel4hexl35EltwiseMultModAVX512DQIntLoopUnrollILi62ELi4ELi16384EEEvPDv8_xPKS2_S5_S2_S2_S2_
FNDA:20,_ZN5intel4hexl35EltwiseMultModAVX512DQIntLoopUnrollILi60ELi4ELi2048EEEvPDv8_xPKS2_S5_S2_S2_S2_
FNDA:20,_ZN5intel4hexl35EltwiseMultModAVX512DQIntLoopUnrollILi61ELi2ELi8192EEEvPDv8_xPKS2_S5_S2_S2_S2_
FNDA:20,_ZN5intel4hexl35EltwiseMultModAVX512DQIntLoopUnrollILi60ELi4ELi8192EEEvPDv8_xPKS2_S5_S2_S2_S2_
FNDA:480,_ZN5intel4hexl35EltwiseMultModAVX512FloatLoopUnrollILi1ELi1024EEEvPDv8_xPKS2_S5_Dv8_dS6_S2_S2_
FNDA:0,_ZN5intel4hexl36EltwiseMultModAVX512DQIntLoopDefaultILi1EEEvPDv8_xPKS2_S5_S2_S2_S2_mm
FNDA:20,_ZN5intel4hexl35EltwiseMultModAVX512DQIntLoopUnrollILi59ELi4ELi32768EEEvPDv8_xPKS2_S5_S2_S2_S2_
FNDA:60,_ZN5intel4hexl35EltwiseMultModAVX512DQIntLoopUnrollILi51ELi1ELi1024EEEvPDv8_xPKS2_S5_S2_S2_S2_
FNDA:60,_ZN5intel4hexl35EltwiseMultModAVX512DQIntLoopUnrollILi53ELi1ELi16384EEEvPDv8_xPKS2_S5_S2_S2_S2_
FNDA:0,_ZN5intel4hexl35EltwiseMultModAVX512DQIntLoopUnrollILi62ELi2ELi1024EEEvPDv8_xPKS2_S5_S2_S2_S2_
FNDA:20,_ZN5intel4hexl35EltwiseMultModAVX512DQIntLoopUnrollILi59ELi4ELi16384EEEvPDv8_xPKS2_S5_S2_S2_S2_
FNDA:1381,_ZN5intel4hexl25EltwiseMultModAVX512DQIntILi2EEEvPmPKmS4_mm
FNDA:0,_ZN5intel4hexl36EltwiseMultModAVX512DQIntLoopDefaultILi59ELi2EEEvPDv8_xPKS2_S5_S2_S2_S2_m
FNDA:20,_ZN5intel4hexl35EltwiseMultModAVX512DQIntLoopUnrollILi61ELi4ELi1024EEEvPDv8_xPKS2_S5_S2_S2_S2_
FNDA:20,_ZN5intel4hexl35EltwiseMultModAVX512DQIntLoopUnrollILi60ELi4ELi4096EEEvPDv8_xPKS2_S5_S2_S2_S2_
FNDA:20,_ZN5intel4hexl35EltwiseMultModAVX512DQIntLoopUnrollILi59ELi4ELi4096EEEvPDv8_xPKS2_S5_S2_S2_S2_
FNDA:362,_ZN5intel4hexl29EltwiseMultModAVX512DQIntLoopILi52ELi1EEEvPDv8_xPKS2_S5_S2_S2_S2_m
FNDA:60,_ZN5intel4hexl35EltwiseMultModAVX512FloatLoopUnrollILi4ELi32768EEEvPDv8_xPKS2_S5_Dv8_dS6_S2_S2_
FNDA:121,_ZN5intel4hexl29EltwiseMultModAVX512DQIntLoopILi61ELi2EEEvPDv8_xPKS2_S5_S2_S2_S2_m
FNDA:20,_ZN5intel4hexl35EltwiseMultModAVX512DQIntLoopUnrollILi50ELi1ELi8192EEEvPDv8_xPKS2_S5_S2_S2_S2_
FNDA:0,_ZN5intel4hexl35EltwiseMultModAVX512DQIntLoopUnrollILi62ELi4ELi8192EEEvPDv8_xPKS2_S5_S2_S2_S2_
FNDA:0,_ZN5intel4hexl36EltwiseMultModAVX512DQIntLoopDefaultILi56ELi1EEEvPDv8_xPKS2_S5_S2_S2_S2_m
FNDA:0,_ZN5intel4hexl35EltwiseMultModAVX512DQIntLoopUnrollILi62ELi2ELi4096EEEvPDv8_xPKS2_S5_S2_S2_S2_
FNDA:60,_ZN5intel4hexl35EltwiseMultModAVX512DQIntLoopUnrollILi57ELi1ELi4096EEEvPDv8_xPKS2_S5_S2_S2_S2_
FNDA:360,_ZN5intel4hexl29EltwiseMultModAVX512DQIntLoopILi56ELi1EEEvPDv8_xPKS2_S5_S2_S2_S2_m
FNDA:0,_ZN5intel4hexl35EltwiseMultModAVX512DQIntLoopUnrollILi60ELi2ELi32768EEEvPDv8_xPKS2_S5_S2_S2_S2_
FNDA:60,_ZN5intel4hexl35EltwiseMultModAVX512DQIntLoopUnrollILi53ELi1ELi4096EEEvPDv8_xPKS2_S5_S2_S2_S2_
FNDA:120,_ZN5intel4hexl29EltwiseMultModAVX512DQIntLoopILi61ELi4EEEvPDv8_xPKS2_S5_S2_S2_S2_m
FNDA:0,_ZN5intel4hexl36EltwiseMultModAVX512DQIntLoopDefaultILi61ELi1EEEvPDv8_xPKS2_S5_S2_S2_S2_m
FNDA:20,_ZN5intel4hexl35EltwiseMultModAVX512DQIntLoopUnrollILi61ELi1ELi32768EEEvPDv8_xPKS2_S5_S2_S2_S2_
FNDA:2,_ZN5intel4hexl36EltwiseMultModAVX512DQIntLoopDefaultILi52ELi1EEEvPDv8_xPKS2_S5_S2_S2_S2_m
FNDA:60,_ZN5intel4hexl35EltwiseMultModAVX512DQIntLoopUnrollILi52ELi1ELi8192EEEvPDv8_xPKS2_S5_S2_S2_S2_
FNDA:20,_ZN5intel4hexl35EltwiseMultModAVX512DQIntLoopUnrollILi59ELi4ELi8192EEEvPDv8_xPKS2_S5_S2_S2_S2_
FNDA:0,_ZN5intel4hexl35EltwiseMultModAVX512DQIntLoopUnrollILi62ELi2ELi16384EEEvPDv8_xPKS2_S5_S2_S2_S2_
FNDA:0,_ZN5intel4hexl36EltwiseMultModAVX512DQIntLoopDefaultILi61ELi4EEEvPDv8_xPKS2_S5_S2_S2_S2_m
FNDA:60,_ZN5intel4hexl35EltwiseMultModAVX512DQIntLoopUnrollILi57ELi1ELi32768EEEvPDv8_xPKS2_S5_S2_S2_S2_
FNDA:0,_ZN5intel4hexl36EltwiseMultModAVX512DQIntLoopDefaultILi60ELi2EEEvPDv8_xPKS2_S5_S2_S2_S2_m
FNDA:0,_ZN5intel4hexl29EltwiseMultModAVX512DQIntLoopILi60ELi2EEEvPDv8_xPKS2_S5_S2_S2_S2_m
FNDA:60,_ZN5intel4hexl35EltwiseMultModAVX512DQIntLoopUnrollILi53ELi1ELi1024EEEvPDv8_xPKS2_S5_S2_S2_S2_
FNDA:40,_ZN5intel4hexl35EltwiseMultModAVX512DQIntLoopUnrollILi60ELi1ELi1024EEEvPDv8_xPKS2_S5_S2_S2_S2_
FNDA:20,_ZN5intel4hexl35EltwiseMultModAVX512DQIntLoopUnrollILi60ELi4ELi16384EEEvPDv8_xPKS2_S5_S2_S2_S2_
FNDA:30,_ZN5intel4hexl35EltwiseMultModAVX512FloatLoopUnrollILi2ELi1024EEEvPDv8_xPKS2_S5_Dv8_dS6_S2_S2_
FNDA:0,_ZN5intel4hexl35EltwiseMultModAVX512DQIntLoopUnrollILi59ELi2ELi8192EEEvPDv8_xPKS2_S5_S2_S2_S2_
FNDA:60,_ZN5intel4hexl35EltwiseMultModAVX512DQIntLoopUnrollILi57ELi1ELi8192EEEvPDv8_xPKS2_S5_S2_S2_S2_
FNDA:0,_ZN5intel4hexl35EltwiseMultModAVX512DQIntLoopUnrollILi62ELi2ELi2048EEEvPDv8_xPKS2_S5_S2_S2_S2_
FNDA:20,_ZN5intel4hexl35EltwiseMultModAVX512DQIntLoopUnrollILi61ELi2ELi16384EEEvPDv8_xPKS2_S5_S2_S2_S2_
FNDA:40,_ZN5intel4hexl35EltwiseMultModAVX512DQIntLoopUnrollILi60ELi1ELi32768EEEvPDv8_xPKS2_S5_S2_S2_S2_
FNDA:20,_ZN5intel4hexl35EltwiseMultModAVX512DQIntLoopUnrollILi61ELi4ELi2048EEEvPDv8_xPKS2_S5_S2_S2_S2_
FNDA:40,_ZN5intel4hexl35EltwiseMultModAVX512DQIntLoopUnrollILi60ELi1ELi16384EEEvPDv8_xPKS2_S5_S2_S2_S2_
FNDA:60,_ZN5intel4hexl35EltwiseMultModAVX512DQIntLoopUnrollILi55ELi1ELi4096EEEvPDv8_xPKS2_S5_S2_S2_S2_
FNDA:0,_ZN5intel4hexl35EltwiseMultModAVX512DQIntLoopUnrollILi59ELi2ELi2048EEEvPDv8_xPKS2_S5_S2_S2_S2_
FNDA:20,_ZN5intel4hexl35EltwiseMultModAVX512DQIntLoopUnrollILi61ELi4ELi8192EEEvPDv8_xPKS2_S5_S2_S2_S2_
FNDA:0,_ZN5intel4hexl35EltwiseMultModAVX512DQIntLoopUnrollILi62ELi4ELi32768EEEvPDv8_xPKS2_S5_S2_S2_S2_
FNDA:40,_ZN5intel4hexl35EltwiseMultModAVX512DQIntLoopUnrollILi60ELi1ELi8192EEEvPDv8_xPKS2_S5_S2_S2_S2_
FNDA:60,_ZN5intel4hexl35EltwiseMultModAVX512DQIntLoopUnrollILi56ELi1ELi4096EEEvPDv8_xPKS2_S5_S2_S2_S2_
FNDA:60,_ZN5intel4hexl35EltwiseMultModAVX512FloatLoopUnrollILi4ELi1024EEEvPDv8_xPKS2_S5_Dv8_dS6_S2_S2_
FNDA:20,_ZN5intel4hexl35EltwiseMultModAVX512DQIntLoopUnrollILi50ELi1ELi16384EEEvPDv8_xPKS2_S5_S2_S2_S2_
FNDA:0,_ZN5intel4hexl36EltwiseMultModAVX512DQIntLoopDefaultILi53ELi1EEEvPDv8_xPKS2_S5_S2_S2_S2_m
FNDA:60,_ZN5intel4hexl35EltwiseMultModAVX512DQIntLoopUnrollILi53ELi1ELi2048EEEvPDv8_xPKS2_S5_S2_S2_S2_
FNDA:0,_ZN5intel4hexl35EltwiseMultModAVX512DQIntLoopUnrollILi62ELi4ELi4096EEEvPDv8_xPKS2_S5_S2_S2_S2_
FNDA:0,_ZN5intel4hexl35EltwiseMultModAVX512DQIntLoopUnrollILi59ELi2ELi16384EEEvPDv8_xPKS2_S5_S2_S2_S2_
FNDA:360,_ZN5intel4hexl29EltwiseMultModAVX512DQIntLoopILi53ELi1EEEvPDv8_xPKS2_S5_S2_S2_S2_m
FNDA:0,_ZN5intel4hexl35EltwiseMultModAVX512DQIntLoopUnrollILi62ELi2ELi8192EEEvPDv8_xPKS2_S5_S2_S2_S2_
FNDA:0,_ZN5intel4hexl36EltwiseMultModAVX512DQIntLoopDefaultILi62ELi2EEEvPDv8_xPKS2_S5_S2_S2_S2_m
FNDA:60,_ZN5intel4hexl35EltwiseMultModAVX512DQIntLoopUnrollILi56ELi1ELi32768EEEvPDv8_xPKS2_S5_S2_S2_S2_
FNDA:60,_ZN5intel4hexl35EltwiseMultModAVX512DQIntLoopUnrollILi55ELi1ELi32768EEEvPDv8_xPKS2_S5_S2_S2_S2_
FNDA:360,_ZN5intel4hexl29EltwiseMultModAVX512DQIntLoopILi55ELi1EEEvPDv8_xPKS2_S5_S2_S2_S2_m
FNDA:60,_ZN5intel4hexl35EltwiseMultModAVX512DQIntLoopUnrollILi52ELi1ELi16384EEEvPDv8_xPKS2_S5_S2_S2_S2_
FNDA:0,_ZN5intel4hexl36EltwiseMultModAVX512DQIntLoopDefaultILi54ELi1EEEvPDv8_xPKS2_S5_S2_S2_S2_m
FNDA:60,_ZN5intel4hexl35EltwiseMultModAVX512DQIntLoopUnrollILi51ELi1ELi4096EEEvPDv8_xPKS2_S5_S2_S2_S2_
FNDA:0,_ZN5intel4hexl35EltwiseMultModAVX512DQIntLoopUnrollILi62ELi2ELi32768EEEvPDv8_xPKS2_S5_S2_S2_S2_
FNDA:480,_ZN5intel4hexl35EltwiseMultModAVX512FloatLoopUnrollILi1ELi32768EEEvPDv8_xPKS2_S5_Dv8_dS6_S2_S2_
FNDA:20,_ZN5intel4hexl35EltwiseMultModAVX512DQIntLoopUnrollILi50ELi1ELi32768EEEvPDv8_xPKS2_S5_S2_S2_S2_
FNDA:60,_ZN5intel4hexl35EltwiseMultModAVX512DQIntLoopUnrollILi52ELi1ELi1024EEEvPDv8_xPKS2_S5_S2_S2_S2_
FNDA:0,_ZN5intel4hexl35EltwiseMultModAVX512DQIntLoopUnrollILi60ELi2ELi8192EEEvPDv8_xPKS2_S5_S2_S2_S2_
FNDA:60,_ZN5intel4hexl35EltwiseMultModAVX512DQIntLoopUnrollILi55ELi1ELi2048EEEvPDv8_xPKS2_S5_S2_S2_S2_
FNDA:60,_ZN5intel4hexl35EltwiseMultModAVX512DQIntLoopUnrollILi57ELi1ELi2048EEEvPDv8_xPKS2_S5_S2_S2_S2_
FNDA:20,_ZN5intel4hexl35EltwiseMultModAVX512DQIntLoopUnrollILi61ELi4ELi4096EEEvPDv8_xPKS2_S5_S2_S2_S2_
FNDA:60,_ZN5intel4hexl35EltwiseMultModAVX512FloatLoopUnrollILi4ELi4096EEEvPDv8_xPKS2_S5_Dv8_dS6_S2_S2_
FNDA:180,_ZN5intel4hexl29EltwiseMultModAVX512FloatLoopILi2EEEvPDv8_xPKS2_S5_Dv8_dS6_S2_S2_m
FNDA:0,_ZN5intel4hexl36EltwiseMultModAVX512DQIntLoopDefaultILi60ELi1EEEvPDv8_xPKS2_S5_S2_S2_S2_m
FNDA:240,_ZN5intel4hexl29EltwiseMultModAVX512DQIntLoopILi59ELi1EEEvPDv8_xPKS2_S5_S2_S2_S2_m
FNDA:40,_ZN5intel4hexl35EltwiseMultModAVX512DQIntLoopUnrollILi59ELi1ELi8192EEEvPDv8_xPKS2_S5_S2_S2_S2_
FNDA:60,_ZN5intel4hexl36EltwiseMultModAVX512DQIntLoopDefaultILi4EEEvPDv8_xPKS2_S5_S2_S2_S2_mm
FNF:193
FNH:144
DA:54,4086
DA:59,4086
DA:60,4086
DA:61,4086
DA:71,347310
DA:72,343224
DA:73,343224
DA:74,343224
DA:75,343224
DA:76,343224
DA:77,343224
DA:78,343224
DA:79,343224
DA:80,343224
DA:81,343224
DA:82,343224
DA:83,343224
DA:84,343224
DA:85,343224
DA:86,343224
DA:87,343224
DA:88,343224
DA:89,343224
DA:90,343224
DA:91,343224
DA:92,343224
DA:93,343224
DA:94,343224
DA:95,343224
DA:96,343224
DA:97,343224
DA:98,343224
DA:99,343224
DA:100,343224
DA:101,343224
DA:102,343224
DA:103,343224
DA:105,343224
DA:107,343224
DA:109,343224
DA:111,343224
DA:113,343224
DA:115,343224
DA:117,343224
DA:119,343224
DA:121,343224
DA:123,343224
DA:125,343224
DA:127,343224
DA:129,343224
DA:131,343224
DA:133,343224
DA:135,343224
DA:138,343224
DA:140,343224
DA:142,343224
DA:144,343224
DA:146,343224
DA:148,343224
DA:150,343224
DA:152,343224
DA:154,343224
DA:156,343224
DA:158,343224
DA:160,343224
DA:162,343224
DA:164,343224
DA:166,343224
DA:168,343224
DA:171,343224
DA:172,343224
DA:173,343224
DA:174,343224
DA:175,343224
DA:176,343224
DA:177,343224
DA:178,343224
DA:179,343224
DA:180,343224
DA:181,343224
DA:182,343224
DA:183,343224
DA:184,343224
DA:185,343224
DA:186,343224
DA:188,343224
DA:189,343224
DA:190,343224
DA:191,343224
DA:192,343224
DA:193,343224
DA:194,343224
DA:195,343224
DA:196,343224
DA:197,343224
DA:198,343224
DA:199,343224
DA:200,343224
DA:201,343224
DA:202,343224
DA:203,343224
DA:205,343224
DA:206,343224
DA:207,343224
DA:208,343224
DA:209,343224
DA:210,343224
DA:211,343224
DA:212,343224
DA:213,343224
DA:214,343224
DA:215,343224
DA:216,343224
DA:217,343224
DA:218,343224
DA:219,343224
DA:220,343224
DA:222,343224
DA:223,343224
DA:224,343224
DA:225,343224
DA:226,343224
DA:227,343224
DA:228,343224
DA:229,343224
DA:230,343224
DA:231,343224
DA:232,343224
DA:233,343224
DA:234,343224
DA:235,343224
DA:236,343224
DA:237,343224
DA:239,343224
DA:240,343224
DA:241,343224
DA:242,343224
DA:243,343224
DA:244,343224
DA:245,343224
DA:246,343224
DA:247,343224
DA:248,343224
DA:249,343224
DA:250,343224
DA:251,343224
DA:252,343224
DA:253,343224
DA:254,343224
DA:256,343224
DA:257,343224
DA:258,343224
DA:259,343224
DA:260,343224
DA:261,343224
DA:262,343224
DA:263,343224
DA:264,343224
DA:265,343224
DA:266,343224
DA:267,343224
DA:268,343224
DA:269,343224
DA:270,343224
DA:271,343224
DA:273,343224
DA:274,343224
DA:276,343224
DA:277,343224
DA:278,343224
DA:279,343224
DA:280,343224
DA:281,343224
DA:282,343224
DA:283,343224
DA:284,343224
DA:285,343224
DA:286,343224
DA:287,343224
DA:288,343224
DA:290,343224
DA:291,343224
DA:292,343224
DA:293,343224
DA:294,343224
DA:295,343224
DA:296,343224
DA:297,343224
DA:298,343224
DA:299,343224
DA:300,343224
DA:301,343224
DA:302,343224
DA:303,343224
DA:304,343224
DA:305,343224
DA:307,4086
DA:312,4
DA:320,8
DA:321,4
DA:322,4
DA:324,4
DA:327,4
DA:330,4
DA:331,4
DA:333,4
DA:337,4
DA:338,4
DA:340,4
DA:344,4
DA:345,4
DA:347,4
DA:348,4
DA:349,4
DA:351,4
DA:356,60
DA:365,80700
DA:366,80640
DA:367,80640
DA:369,80640
DA:372,80640
DA:375,80640
DA:376,80640
DA:378,161280
DA:384,80640
DA:385,80640
DA:387,80640
DA:391,80640
DA:392,80640
DA:394,80640
DA:395,80640
DA:396,80640
DA:398,60
DA:401,4090
DA:406,4090
DA:407,681
DA:408,681
DA:411,681
DA:413,681
DA:414,681
DA:417,681
DA:419,681
DA:420,681
DA:423,681
DA:425,681
DA:426,681
DA:429,681
DA:431,681
DA:432,681
DA:435,681
DA:437,681
DA:438,681
DA:441,681
DA:443,4
DA:444,4
DA:448,4090
DA:460,4150
DA:475,4150
DA:476,4150
DA:477,3
DA:479,3
DA:480,3
DA:481,3
DA:482,3
DA:486,4150
DA:487,4150
DA:489,4150
DA:491,4150
DA:492,4150
DA:493,4150
DA:494,4150
DA:495,4150
DA:496,4150
DA:504,4150
DA:506,4150
DA:510,481
DA:511,120
DA:512,120
DA:513,241
DA:514,0
DA:522,3669
DA:525,121
DA:526,360
DA:527,362
DA:528,360
DA:529,366
DA:530,360
DA:531,360
DA:532,360
DA:533,360
DA:534,240
DA:535,240
DA:536,120
DA:537,60
DA:538,60
DA:545,4150
DA:551,6
DA:557,6
DA:560,8
DA:561,2
DA:562,2
DA:565,2
DA:566,2
DA:569,2
DA:570,2
DA:572,2
DA:574,2
DA:575,2
DA:576,2
DA:577,2
DA:578,2
DA:579,2
DA:580,2
DA:582,2
DA:584,2
DA:586,2
DA:587,2
DA:588,2
DA:590,1
DA:593,3420
DA:596,3420
DA:597,3420
DA:598,3420
DA:606,3420
DA:609,1152540
DA:610,1149120
DA:611,1149120
DA:612,1149120
DA:613,1149120
DA:615,1149120
DA:616,1149120
DA:617,1149120
DA:618,1149120
DA:620,1149120
DA:622,1149120
DA:624,1149120
DA:626,1149120
DA:629,1149120
DA:631,1149120
DA:633,1149120
DA:635,1149120
DA:638,1149120
DA:639,1149120
DA:640,1149120
DA:641,1149120
DA:643,1149120
DA:644,1149120
DA:645,1149120
DA:646,1149120
DA:648,1149120
DA:649,1149120
DA:650,1149120
DA:651,1149120
DA:654,1149120
DA:655,1149120
DA:656,1149120
DA:657,1149120
DA:660,1149120
DA:661,1149120
DA:662,1149120
DA:663,1149120
DA:666,1149120
DA:667,1149120
DA:668,1149120
DA:669,1149120
DA:671,1149120
DA:672,1149120
DA:673,1149120
DA:674,1149120
DA:676,1149120
DA:677,1149120
DA:678,1149120
DA:679,1149120
DA:681,1149120
DA:682,1149120
DA:683,1149120
DA:684,1149120
DA:686,1149120
DA:687,1149120
DA:688,1149120
DA:689,1149120
DA:691,1149120
DA:692,1149120
DA:693,1149120
DA:694,1149120
DA:696,1149120
DA:697,1149120
DA:698,1149120
DA:699,1149120
DA:701,3420
DA:704,3426
DA:710,3426
DA:711,570
DA:712,570
DA:715,570
DA:717,570
DA:718,570
DA:721,570
DA:723,570
DA:724,570
DA:727,570
DA:729,570
DA:730,570
DA:733,570
DA:735,570
DA:736,570
DA:739,570
DA:741,570
DA:742,570
DA:745,570
DA:747,6
DA:748,2886
DA:752,3426
DA:758,3426
DA:769,3426
DA:770,3426
DA:771,5
DA:773,5
DA:774,5
DA:775,5
DA:776,5
DA:778,3426
DA:779,3426
DA:780,3426
DA:784,3426
DA:786,3426
DA:788,3426
DA:789,3426
DA:790,3426
DA:796,3426
DA:797,2221
DA:798,3426
DA:799,2885
DA:802,541
DA:808,3426
LF:435
LH:434
end_of_record
TN:
SF:/home/fboemer/repos/DBIO/intel-hexl/hexl/eltwise/eltwise-mult-mod-avx512ifma.cpp
FN:37,_ZN5intel4hexl37EltwiseMultModAVX512IFMAIntLoopUnrollILi49ELi2ELi4096EEEvPDv8_xPKS2_S5_S2_S2_S2_S2_
FN:37,_ZN5intel4hexl37EltwiseMultModAVX512IFMAIntLoopUnrollILi39ELi1ELi4096EEEvPDv8_xPKS2_S5_S2_S2_S2_S2_
FN:37,_ZN5intel4hexl37EltwiseMultModAVX512IFMAIntLoopUnrollILi40ELi1ELi32768EEEvPDv8_xPKS2_S5_S2_S2_S2_S2_
FN:37,_ZN5intel4hexl37EltwiseMultModAVX512IFMAIntLoopUnrollILi36ELi1ELi1024EEEvPDv8_xPKS2_S5_S2_S2_S2_S2_
FN:37,_ZN5intel4hexl37EltwiseMultModAVX512IFMAIntLoopUnrollILi27ELi1ELi4096EEEvPDv8_xPKS2_S5_S2_S2_S2_S2_
FN:37,_ZN5intel4hexl37EltwiseMultModAVX512IFMAIntLoopUnrollILi20ELi1ELi1024EEEvPDv8_xPKS2_S5_S2_S2_S2_S2_
FN:37,_ZN5intel4hexl37EltwiseMultModAVX512IFMAIntLoopUnrollILi15ELi1ELi32768EEEvPDv8_xPKS2_S5_S2_S2_S2_S2_
FN:37,_ZN5intel4hexl37EltwiseMultModAVX512IFMAIntLoopUnrollILi47ELi2ELi32768EEEvPDv8_xPKS2_S5_S2_S2_S2_S2_
FN:37,_ZN5intel4hexl37EltwiseMultModAVX512IFMAIntLoopUnrollILi50ELi1ELi8192EEEvPDv8_xPKS2_S5_S2_S2_S2_S2_
FN:37,_ZN5intel4hexl37EltwiseMultModAVX512IFMAIntLoopUnrollILi49ELi1ELi16384EEEvPDv8_xPKS2_S5_S2_S2_S2_S2_
FN:37,_ZN5intel4hexl37EltwiseMultModAVX512IFMAIntLoopUnrollILi31ELi1ELi16384EEEvPDv8_xPKS2_S5_S2_S2_S2_S2_
FN:37,_ZN5intel4hexl37EltwiseMultModAVX512IFMAIntLoopUnrollILi50ELi4ELi2048EEEvPDv8_xPKS2_S5_S2_S2_S2_S2_
FN:37,_ZN5intel4hexl37EltwiseMultModAVX512IFMAIntLoopUnrollILi47ELi2ELi1024EEEvPDv8_xPKS2_S5_S2_S2_S2_S2_
FN:37,_ZN5intel4hexl37EltwiseMultModAVX512IFMAIntLoopUnrollILi23ELi1ELi2048EEEvPDv8_xPKS2_S5_S2_S2_S2_S2_
FN:37,_ZN5intel4hexl37EltwiseMultModAVX512IFMAIntLoopUnrollILi40ELi1ELi8192EEEvPDv8_xPKS2_S5_S2_S2_S2_S2_
FN:37,_ZN5intel4hexl37EltwiseMultModAVX512IFMAIntLoopUnrollILi24ELi1ELi16384EEEvPDv8_xPKS2_S5_S2_S2_S2_S2_
FN:37,_ZN5intel4hexl37EltwiseMultModAVX512IFMAIntLoopUnrollILi48ELi2ELi1024EEEvPDv8_xPKS2_S5_S2_S2_S2_S2_
FN:37,_ZN5intel4hexl37EltwiseMultModAVX512IFMAIntLoopUnrollILi37ELi1ELi32768EEEvPDv8_xPKS2_S5_S2_S2_S2_S2_
FN:37,_ZN5intel4hexl37EltwiseMultModAVX512IFMAIntLoopUnrollILi25ELi1ELi1024EEEvPDv8_xPKS2_S5_S2_S2_S2_S2_
FN:37,_ZN5intel4hexl37EltwiseMultModAVX512IFMAIntLoopUnrollILi40ELi1ELi2048EEEvPDv8_xPKS2_S5_S2_S2_S2_S2_
FN:37,_ZN5intel4hexl37EltwiseMultModAVX512IFMAIntLoopUnrollILi48ELi1ELi1024EEEvPDv8_xPKS2_S5_S2_S2_S2_S2_
FN:37,_ZN5intel4hexl37EltwiseMultModAVX512IFMAIntLoopUnrollILi46ELi1ELi4096EEEvPDv8_xPKS2_S5_S2_S2_S2_S2_
FN:37,_ZN5intel4hexl37EltwiseMultModAVX512IFMAIntLoopUnrollILi26ELi1ELi1024EEEvPDv8_xPKS2_S5_S2_S2_S2_S2_
FN:37,_ZN5intel4hexl37EltwiseMultModAVX512IFMAIntLoopUnrollILi50ELi1ELi32768EEEvPDv8_xPKS2_S5_S2_S2_S2_S2_
FN:37,_ZN5intel4hexl37EltwiseMultModAVX512IFMAIntLoopUnrollILi50ELi2ELi8192EEEvPDv8_xPKS2_S5_S2_S2_S2_S2_
FN:37,_ZN5intel4hexl37EltwiseMultModAVX512IFMAIntLoopUnrollILi43ELi1ELi2048EEEvPDv8_xPKS2_S5_S2_S2_S2_S2_
FN:37,_ZN5intel4hexl37EltwiseMultModAVX512IFMAIntLoopUnrollILi29ELi1ELi4096EEEvPDv8_xPKS2_S5_S2_S2_S2_S2_
FN:37,_ZN5intel4hexl37EltwiseMultModAVX512IFMAIntLoopUnrollILi17ELi1ELi32768EEEvPDv8_xPKS2_S5_S2_S2_S2_S2_
FN:37,_ZN5intel4hexl37EltwiseMultModAVX512IFMAIntLoopUnrollILi42ELi1ELi8192EEEvPDv8_xPKS2_S5_S2_S2_S2_S2_
FN:37,_ZN5intel4hexl37EltwiseMultModAVX512IFMAIntLoopUnrollILi24ELi1ELi4096EEEvPDv8_xPKS2_S5_S2_S2_S2_S2_
FN:37,_ZN5intel4hexl37EltwiseMultModAVX512IFMAIntLoopUnrollILi50ELi2ELi4096EEEvPDv8_xPKS2_S5_S2_S2_S2_S2_
FN:37,_ZN5intel4hexl37EltwiseMultModAVX512IFMAIntLoopUnrollILi16ELi1ELi8192EEEvPDv8_xPKS2_S5_S2_S2_S2_S2_
FN:37,_ZN5intel4hexl37EltwiseMultModAVX512IFMAIntLoopUnrollILi28ELi1ELi16384EEEvPDv8_xPKS2_S5_S2_S2_S2_S2_
FN:37,_ZN5intel4hexl37EltwiseMultModAVX512IFMAIntLoopUnrollILi31ELi1ELi4096EEEvPDv8_xPKS2_S5_S2_S2_S2_S2_
FN:37,_ZN5intel4hexl37EltwiseMultModAVX512IFMAIntLoopUnrollILi47ELi4ELi2048EEEvPDv8_xPKS2_S5_S2_S2_S2_S2_
FN:37,_ZN5intel4hexl37EltwiseMultModAVX512IFMAIntLoopUnrollILi44ELi1ELi16384EEEvPDv8_xPKS2_S5_S2_S2_S2_S2_
FN:37,_ZN5intel4hexl37EltwiseMultModAVX512IFMAIntLoopUnrollILi41ELi1ELi8192EEEvPDv8_xPKS2_S5_S2_S2_S2_S2_
FN:37,_ZN5intel4hexl37EltwiseMultModAVX512IFMAIntLoopUnrollILi47ELi4ELi16384EEEvPDv8_xPKS2_S5_S2_S2_S2_S2_
FN:37,_ZN5intel4hexl37EltwiseMultModAVX512IFMAIntLoopUnrollILi27ELi1ELi8192EEEvPDv8_xPKS2_S5_S2_S2_S2_S2_
FN:37,_ZN5intel4hexl37EltwiseMultModAVX512IFMAIntLoopUnrollILi48ELi4ELi1024EEEvPDv8_xPKS2_S5_S2_S2_S2_S2_
FN:37,_ZN5intel4hexl37EltwiseMultModAVX512IFMAIntLoopUnrollILi35ELi1ELi32768EEEvPDv8_xPKS2_S5_S2_S2_S2_S2_
FN:37,_ZN5intel4hexl37EltwiseMultModAVX512IFMAIntLoopUnrollILi32ELi1ELi16384EEEvPDv8_xPKS2_S5_S2_S2_S2_S2_
FN:37,_ZN5intel4hexl37EltwiseMultModAVX512IFMAIntLoopUnrollILi17ELi1ELi1024EEEvPDv8_xPKS2_S5_S2_S2_S2_S2_
FN:37,_ZN5intel4hexl37EltwiseMultModAVX512IFMAIntLoopUnrollILi38ELi1ELi32768EEEvPDv8_xPKS2_S5_S2_S2_S2_S2_
FN:37,_ZN5intel4hexl37EltwiseMultModAVX512IFMAIntLoopUnrollILi35ELi1ELi4096EEEvPDv8_xPKS2_S5_S2_S2_S2_S2_
FN:37,_ZN5intel4hexl37EltwiseMultModAVX512IFMAIntLoopUnrollILi48ELi4ELi8192EEEvPDv8_xPKS2_S5_S2_S2_S2_S2_
FN:37,_ZN5intel4hexl37EltwiseMultModAVX512IFMAIntLoopUnrollILi45ELi1ELi16384EEEvPDv8_xPKS2_S5_S2_S2_S2_S2_
FN:37,_ZN5intel4hexl37EltwiseMultModAVX512IFMAIntLoopUnrollILi49ELi4ELi32768EEEvPDv8_xPKS2_S5_S2_S2_S2_S2_
FN:37,_ZN5intel4hexl37EltwiseMultModAVX512IFMAIntLoopUnrollILi34ELi1ELi1024EEEvPDv8_xPKS2_S5_S2_S2_S2_S2_
FN:37,_ZN5intel4hexl37EltwiseMultModAVX512IFMAIntLoopUnrollILi24ELi1ELi8192EEEvPDv8_xPKS2_S5_S2_S2_S2_S2_
FN:37,_ZN5intel4hexl37EltwiseMultModAVX512IFMAIntLoopUnrollILi24ELi1ELi1024EEEvPDv8_xPKS2_S5_S2_S2_S2_S2_
FN:37,_ZN5intel4hexl37EltwiseMultModAVX512IFMAIntLoopUnrollILi31ELi1ELi1024EEEvPDv8_xPKS2_S5_S2_S2_S2_S2_
FN:37,_ZN5intel4hexl37EltwiseMultModAVX512IFMAIntLoopUnrollILi33ELi1ELi32768EEEvPDv8_xPKS2_S5_S2_S2_S2_S2_
FN:37,_ZN5intel4hexl37EltwiseMultModAVX512IFMAIntLoopUnrollILi26ELi1ELi16384EEEvPDv8_xPKS2_S5_S2_S2_S2_S2_
FN:37,_ZN5intel4hexl37EltwiseMultModAVX512IFMAIntLoopUnrollILi45ELi1ELi8192EEEvPDv8_xPKS2_S5_S2_S2_S2_S2_
FN:37,_ZN5intel4hexl37EltwiseMultModAVX512IFMAIntLoopUnrollILi33ELi1ELi4096EEEvPDv8_xPKS2_S5_S2_S2_S2_S2_
FN:37,_ZN5intel4hexl37EltwiseMultModAVX512IFMAIntLoopUnrollILi31ELi1ELi32768EEEvPDv8_xPKS2_S5_S2_S2_S2_S2_
FN:37,_ZN5intel4hexl37EltwiseMultModAVX512IFMAIntLoopUnrollILi22ELi1ELi4096EEEvPDv8_xPKS2_S5_S2_S2_S2_S2_
FN:37,_ZN5intel4hexl37EltwiseMultModAVX512IFMAIntLoopUnrollILi21ELi1ELi1024EEEvPDv8_xPKS2_S5_S2_S2_S2_S2_
FN:37,_ZN5intel4hexl37EltwiseMultModAVX512IFMAIntLoopUnrollILi17ELi1ELi4096EEEvPDv8_xPKS2_S5_S2_S2_S2_S2_
FN:37,_ZN5intel4hexl37EltwiseMultModAVX512IFMAIntLoopUnrollILi45ELi1ELi2048EEEvPDv8_xPKS2_S5_S2_S2_S2_S2_
FN:37,_ZN5intel4hexl37EltwiseMultModAVX512IFMAIntLoopUnrollILi20ELi1ELi8192EEEvPDv8_xPKS2_S5_S2_S2_S2_S2_
FN:37,_ZN5intel4hexl37EltwiseMultModAVX512IFMAIntLoopUnrollILi51ELi1ELi2048EEEvPDv8_xPKS2_S5_S2_S2_S2_S2_
FN:37,_ZN5intel4hexl37EltwiseMultModAVX512IFMAIntLoopUnrollILi19ELi1ELi2048EEEvPDv8_xPKS2_S5_S2_S2_S2_S2_
FN:37,_ZN5intel4hexl37EltwiseMultModAVX512IFMAIntLoopUnrollILi41ELi1ELi16384EEEvPDv8_xPKS2_S5_S2_S2_S2_S2_
FN:37,_ZN5intel4hexl37EltwiseMultModAVX512IFMAIntLoopUnrollILi36ELi1ELi2048EEEvPDv8_xPKS2_S5_S2_S2_S2_S2_
FN:37,_ZN5intel4hexl37EltwiseMultModAVX512IFMAIntLoopUnrollILi36ELi1ELi32768EEEvPDv8_xPKS2_S5_S2_S2_S2_S2_
FN:37,_ZN5intel4hexl37EltwiseMultModAVX512IFMAIntLoopUnrollILi45ELi1ELi32768EEEvPDv8_xPKS2_S5_S2_S2_S2_S2_
FN:37,_ZN5intel4hexl37EltwiseMultModAVX512IFMAIntLoopUnrollILi46ELi1ELi2048EEEvPDv8_xPKS2_S5_S2_S2_S2_S2_
FN:37,_ZN5intel4hexl37EltwiseMultModAVX512IFMAIntLoopUnrollILi24ELi1ELi2048EEEvPDv8_xPKS2_S5_S2_S2_S2_S2_
FN:37,_ZN5intel4hexl37EltwiseMultModAVX512IFMAIntLoopUnrollILi46ELi1ELi1024EEEvPDv8_xPKS2_S5_S2_S2_S2_S2_
FN:37,_ZN5intel4hexl37EltwiseMultModAVX512IFMAIntLoopUnrollILi26ELi1ELi2048EEEvPDv8_xPKS2_S5_S2_S2_S2_S2_
FN:37,_ZN5intel4hexl37EltwiseMultModAVX512IFMAIntLoopUnrollILi28ELi1ELi32768EEEvPDv8_xPKS2_S5_S2_S2_S2_S2_
FN:37,_ZN5intel4hexl37EltwiseMultModAVX512IFMAIntLoopUnrollILi49ELi4ELi1024EEEvPDv8_xPKS2_S5_S2_S2_S2_S2_
FN:37,_ZN5intel4hexl37EltwiseMultModAVX512IFMAIntLoopUnrollILi41ELi1ELi2048EEEvPDv8_xPKS2_S5_S2_S2_S2_S2_
FN:37,_ZN5intel4hexl37EltwiseMultModAVX512IFMAIntLoopUnrollILi32ELi1ELi2048EEEvPDv8_xPKS2_S5_S2_S2_S2_S2_
FN:37,_ZN5intel4hexl37EltwiseMultModAVX512IFMAIntLoopUnrollILi41ELi1ELi32768EEEvPDv8_xPKS2_S5_S2_S2_S2_S2_
FN:37,_ZN5intel4hexl37EltwiseMultModAVX512IFMAIntLoopUnrollILi16ELi1ELi16384EEEvPDv8_xPKS2_S5_S2_S2_S2_S2_
FN:37,_ZN5intel4hexl37EltwiseMultModAVX512IFMAIntLoopUnrollILi29ELi1ELi2048EEEvPDv8_xPKS2_S5_S2_S2_S2_S2_
FN:37,_ZN5intel4hexl37EltwiseMultModAVX512IFMAIntLoopUnrollILi50ELi4ELi16384EEEvPDv8_xPKS2_S5_S2_S2_S2_S2_
FN:37,_ZN5intel4hexl37EltwiseMultModAVX512IFMAIntLoopUnrollILi23ELi1ELi32768EEEvPDv8_xPKS2_S5_S2_S2_S2_S2_
FN:37,_ZN5intel4hexl37EltwiseMultModAVX512IFMAIntLoopUnrollILi23ELi1ELi16384EEEvPDv8_xPKS2_S5_S2_S2_S2_S2_
FN:37,_ZN5intel4hexl37EltwiseMultModAVX512IFMAIntLoopUnrollILi38ELi1ELi2048EEEvPDv8_xPKS2_S5_S2_S2_S2_S2_
FN:37,_ZN5intel4hexl37EltwiseMultModAVX512IFMAIntLoopUnrollILi39ELi1ELi2048EEEvPDv8_xPKS2_S5_S2_S2_S2_S2_
FN:37,_ZN5intel4hexl37EltwiseMultModAVX512IFMAIntLoopUnrollILi21ELi1ELi4096EEEvPDv8_xPKS2_S5_S2_S2_S2_S2_
FN:37,_ZN5intel4hexl37EltwiseMultModAVX512IFMAIntLoopUnrollILi39ELi1ELi16384EEEvPDv8_xPKS2_S5_S2_S2_S2_S2_
FN:37,_ZN5intel4hexl37EltwiseMultModAVX512IFMAIntLoopUnrollILi29ELi1ELi8192EEEvPDv8_xPKS2_S5_S2_S2_S2_S2_
FN:37,_ZN5intel4hexl37EltwiseMultModAVX512IFMAIntLoopUnrollILi27ELi1ELi1024EEEvPDv8_xPKS2_S5_S2_S2_S2_S2_
FN:37,_ZN5intel4hexl37EltwiseMultModAVX512IFMAIntLoopUnrollILi31ELi1ELi8192EEEvPDv8_xPKS2_S5_S2_S2_S2_S2_
FN:37,_ZN5intel4hexl37EltwiseMultModAVX512IFMAIntLoopUnrollILi49ELi1ELi1024EEEvPDv8_xPKS2_S5_S2_S2_S2_S2_
FN:37,_ZN5intel4hexl37EltwiseMultModAVX512IFMAIntLoopUnrollILi43ELi1ELi8192EEEvPDv8_xPKS2_S5_S2_S2_S2_S2_
FN:37,_ZN5intel4hexl37EltwiseMultModAVX512IFMAIntLoopUnrollILi25ELi1ELi2048EEEvPDv8_xPKS2_S5_S2_S2_S2_S2_
FN:37,_ZN5intel4hexl37EltwiseMultModAVX512IFMAIntLoopUnrollILi23ELi1ELi1024EEEvPDv8_xPKS2_S5_S2_S2_S2_S2_
FN:37,_ZN5intel4hexl37EltwiseMultModAVX512IFMAIntLoopUnrollILi33ELi1ELi2048EEEvPDv8_xPKS2_S5_S2_S2_S2_S2_
FN:37,_ZN5intel4hexl37EltwiseMultModAVX512IFMAIntLoopUnrollILi32ELi1ELi32768EEEvPDv8_xPKS2_S5_S2_S2_S2_S2_
FN:37,_ZN5intel4hexl37EltwiseMultModAVX512IFMAIntLoopUnrollILi50ELi4ELi1024EEEvPDv8_xPKS2_S5_S2_S2_S2_S2_
FN:37,_ZN5intel4hexl37EltwiseMultModAVX512IFMAIntLoopUnrollILi45ELi1ELi1024EEEvPDv8_xPKS2_S5_S2_S2_S2_S2_
FN:37,_ZN5intel4hexl37EltwiseMultModAVX512IFMAIntLoopUnrollILi35ELi1ELi16384EEEvPDv8_xPKS2_S5_S2_S2_S2_S2_
FN:37,_ZN5intel4hexl37EltwiseMultModAVX512IFMAIntLoopUnrollILi37ELi1ELi1024EEEvPDv8_xPKS2_S5_S2_S2_S2_S2_
FN:37,_ZN5intel4hexl37EltwiseMultModAVX512IFMAIntLoopUnrollILi39ELi1ELi1024EEEvPDv8_xPKS2_S5_S2_S2_S2_S2_
FN:37,_ZN5intel4hexl37EltwiseMultModAVX512IFMAIntLoopUnrollILi47ELi1ELi4096EEEvPDv8_xPKS2_S5_S2_S2_S2_S2_
FN:37,_ZN5intel4hexl37EltwiseMultModAVX512IFMAIntLoopUnrollILi49ELi2ELi16384EEEvPDv8_xPKS2_S5_S2_S2_S2_S2_
FN:37,_ZN5intel4hexl37EltwiseMultModAVX512IFMAIntLoopUnrollILi22ELi1ELi2048EEEvPDv8_xPKS2_S5_S2_S2_S2_S2_
FN:37,_ZN5intel4hexl37EltwiseMultModAVX512IFMAIntLoopUnrollILi48ELi2ELi8192EEEvPDv8_xPKS2_S5_S2_S2_S2_S2_
FN:37,_ZN5intel4hexl37EltwiseMultModAVX512IFMAIntLoopUnrollILi22ELi1ELi32768EEEvPDv8_xPKS2_S5_S2_S2_S2_S2_
FN:37,_ZN5intel4hexl37EltwiseMultModAVX512IFMAIntLoopUnrollILi49ELi1ELi32768EEEvPDv8_xPKS2_S5_S2_S2_S2_S2_
FN:37,_ZN5intel4hexl37EltwiseMultModAVX512IFMAIntLoopUnrollILi47ELi2ELi2048EEEvPDv8_xPKS2_S5_S2_S2_S2_S2_
FN:37,_ZN5intel4hexl37EltwiseMultModAVX512IFMAIntLoopUnrollILi46ELi1ELi16384EEEvPDv8_xPKS2_S5_S2_S2_S2_S2_
FN:37,_ZN5intel4hexl37EltwiseMultModAVX512IFMAIntLoopUnrollILi50ELi2ELi2048EEEvPDv8_xPKS2_S5_S2_S2_S2_S2_
FN:37,_ZN5intel4hexl37EltwiseMultModAVX512IFMAIntLoopUnrollILi26ELi1ELi4096EEEvPDv8_xPKS2_S5_S2_S2_S2_S2_
FN:37,_ZN5intel4hexl37EltwiseMultModAVX512IFMAIntLoopUnrollILi48ELi1ELi16384EEEvPDv8_xPKS2_S5_S2_S2_S2_S2_
FN:37,_ZN5intel4hexl37EltwiseMultModAVX512IFMAIntLoopUnrollILi43ELi1ELi16384EEEvPDv8_xPKS2_S5_S2_S2_S2_S2_
FN:37,_ZN5intel4hexl37EltwiseMultModAVX512IFMAIntLoopUnrollILi50ELi1ELi2048EEEvPDv8_xPKS2_S5_S2_S2_S2_S2_
FN:37,_ZN5intel4hexl37EltwiseMultModAVX512IFMAIntLoopUnrollILi19ELi1ELi16384EEEvPDv8_xPKS2_S5_S2_S2_S2_S2_
FN:37,_ZN5intel4hexl37EltwiseMultModAVX512IFMAIntLoopUnrollILi40ELi1ELi4096EEEvPDv8_xPKS2_S5_S2_S2_S2_S2_
FN:37,_ZN5intel4hexl37EltwiseMultModAVX512IFMAIntLoopUnrollILi16ELi1ELi1024EEEvPDv8_xPKS2_S5_S2_S2_S2_S2_
FN:37,_ZN5intel4hexl37EltwiseMultModAVX512IFMAIntLoopUnrollILi48ELi2ELi4096EEEvPDv8_xPKS2_S5_S2_S2_S2_S2_
FN:37,_ZN5intel4hexl37EltwiseMultModAVX512IFMAIntLoopUnrollILi44ELi1ELi4096EEEvPDv8_xPKS2_S5_S2_S2_S2_S2_
FN:37,_ZN5intel4hexl37EltwiseMultModAVX512IFMAIntLoopUnrollILi48ELi1ELi4096EEEvPDv8_xPKS2_S5_S2_S2_S2_S2_
FN:37,_ZN5intel4hexl37EltwiseMultModAVX512IFMAIntLoopUnrollILi50ELi2ELi32768EEEvPDv8_xPKS2_S5_S2_S2_S2_S2_
FN:37,_ZN5intel4hexl37EltwiseMultModAVX512IFMAIntLoopUnrollILi51ELi1ELi1024EEEvPDv8_xPKS2_S5_S2_S2_S2_S2_
FN:37,_ZN5intel4hexl37EltwiseMultModAVX512IFMAIntLoopUnrollILi21ELi1ELi2048EEEvPDv8_xPKS2_S5_S2_S2_S2_S2_
FN:37,_ZN5intel4hexl37EltwiseMultModAVX512IFMAIntLoopUnrollILi25ELi1ELi8192EEEvPDv8_xPKS2_S5_S2_S2_S2_S2_
FN:37,_ZN5intel4hexl37EltwiseMultModAVX512IFMAIntLoopUnrollILi21ELi1ELi16384EEEvPDv8_xPKS2_S5_S2_S2_S2_S2_
FN:37,_ZN5intel4hexl37EltwiseMultModAVX512IFMAIntLoopUnrollILi47ELi2ELi16384EEEvPDv8_xPKS2_S5_S2_S2_S2_S2_
FN:37,_ZN5intel4hexl37EltwiseMultModAVX512IFMAIntLoopUnrollILi46ELi1ELi32768EEEvPDv8_xPKS2_S5_S2_S2_S2_S2_
FN:37,_ZN5intel4hexl37EltwiseMultModAVX512IFMAIntLoopUnrollILi34ELi1ELi8192EEEvPDv8_xPKS2_S5_S2_S2_S2_S2_
FN:37,_ZN5intel4hexl37EltwiseMultModAVX512IFMAIntLoopUnrollILi46ELi1ELi8192EEEvPDv8_xPKS2_S5_S2_S2_S2_S2_
FN:37,_ZN5intel4hexl37EltwiseMultModAVX512IFMAIntLoopUnrollILi47ELi1ELi8192EEEvPDv8_xPKS2_S5_S2_S2_S2_S2_
FN:37,_ZN5intel4hexl37EltwiseMultModAVX512IFMAIntLoopUnrollILi34ELi1ELi16384EEEvPDv8_xPKS2_S5_S2_S2_S2_S2_
FN:37,_ZN5intel4hexl37EltwiseMultModAVX512IFMAIntLoopUnrollILi23ELi1ELi4096EEEvPDv8_xPKS2_S5_S2_S2_S2_S2_
FN:37,_ZN5intel4hexl37EltwiseMultModAVX512IFMAIntLoopUnrollILi50ELi4ELi32768EEEvPDv8_xPKS2_S5_S2_S2_S2_S2_
FN:37,_ZN5intel4hexl37EltwiseMultModAVX512IFMAIntLoopUnrollILi47ELi4ELi1024EEEvPDv8_xPKS2_S5_S2_S2_S2_S2_
FN:37,_ZN5intel4hexl37EltwiseMultModAVX512IFMAIntLoopUnrollILi32ELi1ELi8192EEEvPDv8_xPKS2_S5_S2_S2_S2_S2_
FN:37,_ZN5intel4hexl37EltwiseMultModAVX512IFMAIntLoopUnrollILi15ELi1ELi4096EEEvPDv8_xPKS2_S5_S2_S2_S2_S2_
FN:37,_ZN5intel4hexl37EltwiseMultModAVX512IFMAIntLoopUnrollILi47ELi4ELi8192EEEvPDv8_xPKS2_S5_S2_S2_S2_S2_
FN:37,_ZN5intel4hexl37EltwiseMultModAVX512IFMAIntLoopUnrollILi48ELi2ELi16384EEEvPDv8_xPKS2_S5_S2_S2_S2_S2_
FN:37,_ZN5intel4hexl37EltwiseMultModAVX512IFMAIntLoopUnrollILi43ELi1ELi1024EEEvPDv8_xPKS2_S5_S2_S2_S2_S2_
FN:37,_ZN5intel4hexl37EltwiseMultModAVX512IFMAIntLoopUnrollILi49ELi4ELi4096EEEvPDv8_xPKS2_S5_S2_S2_S2_S2_
FN:37,_ZN5intel4hexl37EltwiseMultModAVX512IFMAIntLoopUnrollILi37ELi1ELi16384EEEvPDv8_xPKS2_S5_S2_S2_S2_S2_
FN:37,_ZN5intel4hexl37EltwiseMultModAVX512IFMAIntLoopUnrollILi15ELi1ELi1024EEEvPDv8_xPKS2_S5_S2_S2_S2_S2_
FN:37,_ZN5intel4hexl37EltwiseMultModAVX512IFMAIntLoopUnrollILi27ELi1ELi2048EEEvPDv8_xPKS2_S5_S2_S2_S2_S2_
FN:37,_ZN5intel4hexl37EltwiseMultModAVX512IFMAIntLoopUnrollILi20ELi1ELi2048EEEvPDv8_xPKS2_S5_S2_S2_S2_S2_
FN:37,_ZN5intel4hexl37EltwiseMultModAVX512IFMAIntLoopUnrollILi49ELi4ELi16384EEEvPDv8_xPKS2_S5_S2_S2_S2_S2_
FN:37,_ZN5intel4hexl37EltwiseMultModAVX512IFMAIntLoopUnrollILi40ELi1ELi1024EEEvPDv8_xPKS2_S5_S2_S2_S2_S2_
FN:37,_ZN5intel4hexl37EltwiseMultModAVX512IFMAIntLoopUnrollILi16ELi1ELi2048EEEvPDv8_xPKS2_S5_S2_S2_S2_S2_
FN:37,_ZN5intel4hexl37EltwiseMultModAVX512IFMAIntLoopUnrollILi51ELi1ELi32768EEEvPDv8_xPKS2_S5_S2_S2_S2_S2_
FN:37,_ZN5intel4hexl37EltwiseMultModAVX512IFMAIntLoopUnrollILi29ELi1ELi16384EEEvPDv8_xPKS2_S5_S2_S2_S2_S2_
FN:37,_ZN5intel4hexl37EltwiseMultModAVX512IFMAIntLoopUnrollILi49ELi2ELi32768EEEvPDv8_xPKS2_S5_S2_S2_S2_S2_
FN:37,_ZN5intel4hexl37EltwiseMultModAVX512IFMAIntLoopUnrollILi17ELi1ELi16384EEEvPDv8_xPKS2_S5_S2_S2_S2_S2_
FN:37,_ZN5intel4hexl37EltwiseMultModAVX512IFMAIntLoopUnrollILi17ELi1ELi2048EEEvPDv8_xPKS2_S5_S2_S2_S2_S2_
FN:37,_ZN5intel4hexl37EltwiseMultModAVX512IFMAIntLoopUnrollILi47ELi1ELi2048EEEvPDv8_xPKS2_S5_S2_S2_S2_S2_
FN:37,_ZN5intel4hexl37EltwiseMultModAVX512IFMAIntLoopUnrollILi48ELi4ELi2048EEEvPDv8_xPKS2_S5_S2_S2_S2_S2_
FN:37,_ZN5intel4hexl37EltwiseMultModAVX512IFMAIntLoopUnrollILi25ELi1ELi4096EEEvPDv8_xPKS2_S5_S2_S2_S2_S2_
FN:37,_ZN5intel4hexl37EltwiseMultModAVX512IFMAIntLoopUnrollILi39ELi1ELi32768EEEvPDv8_xPKS2_S5_S2_S2_S2_S2_
FN:37,_ZN5intel4hexl37EltwiseMultModAVX512IFMAIntLoopUnrollILi22ELi1ELi8192EEEvPDv8_xPKS2_S5_S2_S2_S2_S2_
FN:37,_ZN5intel4hexl37EltwiseMultModAVX512IFMAIntLoopUnrollILi18ELi1ELi4096EEEvPDv8_xPKS2_S5_S2_S2_S2_S2_
FN:37,_ZN5intel4hexl37EltwiseMultModAVX512IFMAIntLoopUnrollILi42ELi1ELi32768EEEvPDv8_xPKS2_S5_S2_S2_S2_S2_
FN:37,_ZN5intel4hexl37EltwiseMultModAVX512IFMAIntLoopUnrollILi33ELi1ELi16384EEEvPDv8_xPKS2_S5_S2_S2_S2_S2_
FN:37,_ZN5intel4hexl37EltwiseMultModAVX512IFMAIntLoopUnrollILi44ELi1ELi8192EEEvPDv8_xPKS2_S5_S2_S2_S2_S2_
FN:37,_ZN5intel4hexl37EltwiseMultModAVX512IFMAIntLoopUnrollILi29ELi1ELi1024EEEvPDv8_xPKS2_S5_S2_S2_S2_S2_
FN:37,_ZN5intel4hexl37EltwiseMultModAVX512IFMAIntLoopUnrollILi25ELi1ELi16384EEEvPDv8_xPKS2_S5_S2_S2_S2_S2_
FN:37,_ZN5intel4hexl37EltwiseMultModAVX512IFMAIntLoopUnrollILi45ELi1ELi4096EEEvPDv8_xPKS2_S5_S2_S2_S2_S2_
FN:37,_ZN5intel4hexl37EltwiseMultModAVX512IFMAIntLoopUnrollILi51ELi1ELi16384EEEvPDv8_xPKS2_S5_S2_S2_S2_S2_
FN:37,_ZN5intel4hexl37EltwiseMultModAVX512IFMAIntLoopUnrollILi42ELi1ELi16384EEEvPDv8_xPKS2_S5_S2_S2_S2_S2_
FN:37,_ZN5intel4hexl37EltwiseMultModAVX512IFMAIntLoopUnrollILi23ELi1ELi8192EEEvPDv8_xPKS2_S5_S2_S2_S2_S2_
FN:37,_ZN5intel4hexl37EltwiseMultModAVX512IFMAIntLoopUnrollILi41ELi1ELi4096EEEvPDv8_xPKS2_S5_S2_S2_S2_S2_
FN:37,_ZN5intel4hexl37EltwiseMultModAVX512IFMAIntLoopUnrollILi36ELi1ELi4096EEEvPDv8_xPKS2_S5_S2_S2_S2_S2_
FN:37,_ZN5intel4hexl37EltwiseMultModAVX512IFMAIntLoopUnrollILi32ELi1ELi4096EEEvPDv8_xPKS2_S5_S2_S2_S2_S2_
FN:37,_ZN5intel4hexl37EltwiseMultModAVX512IFMAIntLoopUnrollILi48ELi1ELi8192EEEvPDv8_xPKS2_S5_S2_S2_S2_S2_
FN:37,_ZN5intel4hexl37EltwiseMultModAVX512IFMAIntLoopUnrollILi48ELi1ELi32768EEEvPDv8_xPKS2_S5_S2_S2_S2_S2_
FN:37,_ZN5intel4hexl37EltwiseMultModAVX512IFMAIntLoopUnrollILi48ELi4ELi32768EEEvPDv8_xPKS2_S5_S2_S2_S2_S2_
FN:37,_ZN5intel4hexl37EltwiseMultModAVX512IFMAIntLoopUnrollILi47ELi2ELi4096EEEvPDv8_xPKS2_S5_S2_S2_S2_S2_
FN:37,_ZN5intel4hexl37EltwiseMultModAVX512IFMAIntLoopUnrollILi42ELi1ELi2048EEEvPDv8_xPKS2_S5_S2_S2_S2_S2_
FN:37,_ZN5intel4hexl37EltwiseMultModAVX512IFMAIntLoopUnrollILi33ELi1ELi1024EEEvPDv8_xPKS2_S5_S2_S2_S2_S2_
FN:37,_ZN5intel4hexl37EltwiseMultModAVX512IFMAIntLoopUnrollILi28ELi1ELi2048EEEvPDv8_xPKS2_S5_S2_S2_S2_S2_
FN:37,_ZN5intel4hexl37EltwiseMultModAVX512IFMAIntLoopUnrollILi44ELi1ELi2048EEEvPDv8_xPKS2_S5_S2_S2_S2_S2_
FN:37,_ZN5intel4hexl37EltwiseMultModAVX512IFMAIntLoopUnrollILi38ELi1ELi16384EEEvPDv8_xPKS2_S5_S2_S2_S2_S2_
FN:37,_ZN5intel4hexl37EltwiseMultModAVX512IFMAIntLoopUnrollILi48ELi2ELi32768EEEvPDv8_xPKS2_S5_S2_S2_S2_S2_
FN:37,_ZN5intel4hexl37EltwiseMultModAVX512IFMAIntLoopUnrollILi26ELi1ELi8192EEEvPDv8_xPKS2_S5_S2_S2_S2_S2_
FN:37,_ZN5intel4hexl37EltwiseMultModAVX512IFMAIntLoopUnrollILi38ELi1ELi8192EEEvPDv8_xPKS2_S5_S2_S2_S2_S2_
FN:37,_ZN5intel4hexl37EltwiseMultModAVX512IFMAIntLoopUnrollILi16ELi1ELi4096EEEvPDv8_xPKS2_S5_S2_S2_S2_S2_
FN:37,_ZN5intel4hexl37EltwiseMultModAVX512IFMAIntLoopUnrollILi19ELi1ELi8192EEEvPDv8_xPKS2_S5_S2_S2_S2_S2_
FN:37,_ZN5intel4hexl37EltwiseMultModAVX512IFMAIntLoopUnrollILi51ELi1ELi8192EEEvPDv8_xPKS2_S5_S2_S2_S2_S2_
FN:37,_ZN5intel4hexl37EltwiseMultModAVX512IFMAIntLoopUnrollILi15ELi1ELi2048EEEvPDv8_xPKS2_S5_S2_S2_S2_S2_
FN:37,_ZN5intel4hexl37EltwiseMultModAVX512IFMAIntLoopUnrollILi28ELi1ELi8192EEEvPDv8_xPKS2_S5_S2_S2_S2_S2_
FN:37,_ZN5intel4hexl37EltwiseMultModAVX512IFMAIntLoopUnrollILi21ELi1ELi8192EEEvPDv8_xPKS2_S5_S2_S2_S2_S2_
FN:37,_ZN5intel4hexl37EltwiseMultModAVX512IFMAIntLoopUnrollILi47ELi1ELi32768EEEvPDv8_xPKS2_S5_S2_S2_S2_S2_
FN:37,_ZN5intel4hexl37EltwiseMultModAVX512IFMAIntLoopUnrollILi18ELi1ELi8192EEEvPDv8_xPKS2_S5_S2_S2_S2_S2_
FN:37,_ZN5intel4hexl37EltwiseMultModAVX512IFMAIntLoopUnrollILi48ELi1ELi2048EEEvPDv8_xPKS2_S5_S2_S2_S2_S2_
FN:37,_ZN5intel4hexl37EltwiseMultModAVX512IFMAIntLoopUnrollILi44ELi1ELi1024EEEvPDv8_xPKS2_S5_S2_S2_S2_S2_
FN:37,_ZN5intel4hexl37EltwiseMultModAVX512IFMAIntLoopUnrollILi50ELi4ELi4096EEEvPDv8_xPKS2_S5_S2_S2_S2_S2_
FN:37,_ZN5intel4hexl37EltwiseMultModAVX512IFMAIntLoopUnrollILi22ELi1ELi16384EEEvPDv8_xPKS2_S5_S2_S2_S2_S2_
FN:37,_ZN5intel4hexl37EltwiseMultModAVX512IFMAIntLoopUnrollILi20ELi1ELi4096EEEvPDv8_xPKS2_S5_S2_S2_S2_S2_
FN:37,_ZN5intel4hexl37EltwiseMultModAVX512IFMAIntLoopUnrollILi25ELi1ELi32768EEEvPDv8_xPKS2_S5_S2_S2_S2_S2_
FN:37,_ZN5intel4hexl37EltwiseMultModAVX512IFMAIntLoopUnrollILi43ELi1ELi32768EEEvPDv8_xPKS2_S5_S2_S2_S2_S2_
FN:37,_ZN5intel4hexl37EltwiseMultModAVX512IFMAIntLoopUnrollILi38ELi1ELi1024EEEvPDv8_xPKS2_S5_S2_S2_S2_S2_
FN:37,_ZN5intel4hexl37EltwiseMultModAVX512IFMAIntLoopUnrollILi18ELi1ELi16384EEEvPDv8_xPKS2_S5_S2_S2_S2_S2_
FN:37,_ZN5intel4hexl37EltwiseMultModAVX512IFMAIntLoopUnrollILi36ELi1ELi16384EEEvPDv8_xPKS2_S5_S2_S2_S2_S2_
FN:37,_ZN5intel4hexl37EltwiseMultModAVX512IFMAIntLoopUnrollILi37ELi1ELi2048EEEvPDv8_xPKS2_S5_S2_S2_S2_S2_
FN:37,_ZN5intel4hexl37EltwiseMultModAVX512IFMAIntLoopUnrollILi41ELi1ELi1024EEEvPDv8_xPKS2_S5_S2_S2_S2_S2_
FN:37,_ZN5intel4hexl37EltwiseMultModAVX512IFMAIntLoopUnrollILi42ELi1ELi4096EEEvPDv8_xPKS2_S5_S2_S2_S2_S2_
FN:37,_ZN5intel4hexl37EltwiseMultModAVX512IFMAIntLoopUnrollILi49ELi2ELi1024EEEvPDv8_xPKS2_S5_S2_S2_S2_S2_
FN:37,_ZN5intel4hexl37EltwiseMultModAVX512IFMAIntLoopUnrollILi18ELi1ELi1024EEEvPDv8_xPKS2_S5_S2_S2_S2_S2_
FN:37,_ZN5intel4hexl37EltwiseMultModAVX512IFMAIntLoopUnrollILi15ELi1ELi16384EEEvPDv8_xPKS2_S5_S2_S2_S2_S2_
FN:37,_ZN5intel4hexl37EltwiseMultModAVX512IFMAIntLoopUnrollILi34ELi1ELi32768EEEvPDv8_xPKS2_S5_S2_S2_S2_S2_
FN:37,_ZN5intel4hexl37EltwiseMultModAVX512IFMAIntLoopUnrollILi18ELi1ELi32768EEEvPDv8_xPKS2_S5_S2_S2_S2_S2_
FN:37,_ZN5intel4hexl37EltwiseMultModAVX512IFMAIntLoopUnrollILi17ELi1ELi8192EEEvPDv8_xPKS2_S5_S2_S2_S2_S2_
FN:37,_ZN5intel4hexl37EltwiseMultModAVX512IFMAIntLoopUnrollILi35ELi1ELi2048EEEvPDv8_xPKS2_S5_S2_S2_S2_S2_
FN:37,_ZN5intel4hexl37EltwiseMultModAVX512IFMAIntLoopUnrollILi48ELi4ELi16384EEEvPDv8_xPKS2_S5_S2_S2_S2_S2_
FN:37,_ZN5intel4hexl37EltwiseMultModAVX512IFMAIntLoopUnrollILi43ELi1ELi4096EEEvPDv8_xPKS2_S5_S2_S2_S2_S2_
FN:37,_ZN5intel4hexl37EltwiseMultModAVX512IFMAIntLoopUnrollILi32ELi1ELi1024EEEvPDv8_xPKS2_S5_S2_S2_S2_S2_
FN:37,_ZN5intel4hexl37EltwiseMultModAVX512IFMAIntLoopUnrollILi15ELi1ELi8192EEEvPDv8_xPKS2_S5_S2_S2_S2_S2_
FN:37,_ZN5intel4hexl37EltwiseMultModAVX512IFMAIntLoopUnrollILi47ELi2ELi8192EEEvPDv8_xPKS2_S5_S2_S2_S2_S2_
FN:37,_ZN5intel4hexl37EltwiseMultModAVX512IFMAIntLoopUnrollILi47ELi1ELi16384EEEvPDv8_xPKS2_S5_S2_S2_S2_S2_
FN:37,_ZN5intel4hexl37EltwiseMultModAVX512IFMAIntLoopUnrollILi28ELi1ELi4096EEEvPDv8_xPKS2_S5_S2_S2_S2_S2_
FN:37,_ZN5intel4hexl37EltwiseMultModAVX512IFMAIntLoopUnrollILi50ELi1ELi1024EEEvPDv8_xPKS2_S5_S2_S2_S2_S2_
FN:37,_ZN5intel4hexl37EltwiseMultModAVX512IFMAIntLoopUnrollILi33ELi1ELi8192EEEvPDv8_xPKS2_S5_S2_S2_S2_S2_
FN:37,_ZN5intel4hexl37EltwiseMultModAVX512IFMAIntLoopUnrollILi36ELi1ELi8192EEEvPDv8_xPKS2_S5_S2_S2_S2_S2_
FN:37,_ZN5intel4hexl37EltwiseMultModAVX512IFMAIntLoopUnrollILi49ELi2ELi2048EEEvPDv8_xPKS2_S5_S2_S2_S2_S2_
FN:37,_ZN5intel4hexl37EltwiseMultModAVX512IFMAIntLoopUnrollILi28ELi1ELi1024EEEvPDv8_xPKS2_S5_S2_S2_S2_S2_
FN:37,_ZN5intel4hexl37EltwiseMultModAVX512IFMAIntLoopUnrollILi19ELi1ELi1024EEEvPDv8_xPKS2_S5_S2_S2_S2_S2_
FN:37,_ZN5intel4hexl37EltwiseMultModAVX512IFMAIntLoopUnrollILi47ELi1ELi1024EEEvPDv8_xPKS2_S5_S2_S2_S2_S2_
FN:37,_ZN5intel4hexl37EltwiseMultModAVX512IFMAIntLoopUnrollILi47ELi4ELi32768EEEvPDv8_xPKS2_S5_S2_S2_S2_S2_
FN:37,_ZN5intel4hexl37EltwiseMultModAVX512IFMAIntLoopUnrollILi50ELi1ELi4096EEEvPDv8_xPKS2_S5_S2_S2_S2_S2_
FN:37,_ZN5intel4hexl37EltwiseMultModAVX512IFMAIntLoopUnrollILi44ELi1ELi32768EEEvPDv8_xPKS2_S5_S2_S2_S2_S2_
FN:37,_ZN5intel4hexl37EltwiseMultModAVX512IFMAIntLoopUnrollILi27ELi1ELi16384EEEvPDv8_xPKS2_S5_S2_S2_S2_S2_
FN:37,_ZN5intel4hexl37EltwiseMultModAVX512IFMAIntLoopUnrollILi49ELi4ELi2048EEEvPDv8_xPKS2_S5_S2_S2_S2_S2_
FN:37,_ZN5intel4hexl37EltwiseMultModAVX512IFMAIntLoopUnrollILi50ELi2ELi16384EEEvPDv8_xPKS2_S5_S2_S2_S2_S2_
FN:37,_ZN5intel4hexl37EltwiseMultModAVX512IFMAIntLoopUnrollILi47ELi4ELi4096EEEvPDv8_xPKS2_S5_S2_S2_S2_S2_
FN:37,_ZN5intel4hexl37EltwiseMultModAVX512IFMAIntLoopUnrollILi31ELi1ELi2048EEEvPDv8_xPKS2_S5_S2_S2_S2_S2_
FN:37,_ZN5intel4hexl37EltwiseMultModAVX512IFMAIntLoopUnrollILi20ELi1ELi32768EEEvPDv8_xPKS2_S5_S2_S2_S2_S2_
FN:37,_ZN5intel4hexl37EltwiseMultModAVX512IFMAIntLoopUnrollILi27ELi1ELi32768EEEvPDv8_xPKS2_S5_S2_S2_S2_S2_
FN:37,_ZN5intel4hexl37EltwiseMultModAVX512IFMAIntLoopUnrollILi34ELi1ELi4096EEEvPDv8_xPKS2_S5_S2_S2_S2_S2_
FN:37,_ZN5intel4hexl37EltwiseMultModAVX512IFMAIntLoopUnrollILi22ELi1ELi1024EEEvPDv8_xPKS2_S5_S2_S2_S2_S2_
FN:37,_ZN5intel4hexl37EltwiseMultModAVX512IFMAIntLoopUnrollILi19ELi1ELi4096EEEvPDv8_xPKS2_S5_S2_S2_S2_S2_
FN:37,_ZN5intel4hexl37EltwiseMultModAVX512IFMAIntLoopUnrollILi29ELi1ELi32768EEEvPDv8_xPKS2_S5_S2_S2_S2_S2_
FN:37,_ZN5intel4hexl37EltwiseMultModAVX512IFMAIntLoopUnrollILi50ELi4ELi8192EEEvPDv8_xPKS2_S5_S2_S2_S2_S2_
FN:37,_ZN5intel4hexl37EltwiseMultModAVX512IFMAIntLoopUnrollILi35ELi1ELi8192EEEvPDv8_xPKS2_S5_S2_S2_S2_S2_
FN:37,_ZN5intel4hexl37EltwiseMultModAVX512IFMAIntLoopUnrollILi37ELi1ELi4096EEEvPDv8_xPKS2_S5_S2_S2_S2_S2_
FN:37,_ZN5intel4hexl37EltwiseMultModAVX512IFMAIntLoopUnrollILi48ELi4ELi4096EEEvPDv8_xPKS2_S5_S2_S2_S2_S2_
FN:37,_ZN5intel4hexl37EltwiseMultModAVX512IFMAIntLoopUnrollILi34ELi1ELi2048EEEvPDv8_xPKS2_S5_S2_S2_S2_S2_
FN:37,_ZN5intel4hexl37EltwiseMultModAVX512IFMAIntLoopUnrollILi21ELi1ELi32768EEEvPDv8_xPKS2_S5_S2_S2_S2_S2_
FN:37,_ZN5intel4hexl37EltwiseMultModAVX512IFMAIntLoopUnrollILi19ELi1ELi32768EEEvPDv8_xPKS2_S5_S2_S2_S2_S2_
FN:37,_ZN5intel4hexl37EltwiseMultModAVX512IFMAIntLoopUnrollILi24ELi1ELi32768EEEvPDv8_xPKS2_S5_S2_S2_S2_S2_
FN:37,_ZN5intel4hexl37EltwiseMultModAVX512IFMAIntLoopUnrollILi38ELi1ELi4096EEEvPDv8_xPKS2_S5_S2_S2_S2_S2_
FN:37,_ZN5intel4hexl37EltwiseMultModAVX512IFMAIntLoopUnrollILi40ELi1ELi16384EEEvPDv8_xPKS2_S5_S2_S2_S2_S2_
FN:37,_ZN5intel4hexl37EltwiseMultModAVX512IFMAIntLoopUnrollILi48ELi2ELi2048EEEvPDv8_xPKS2_S5_S2_S2_S2_S2_
FN:37,_ZN5intel4hexl37EltwiseMultModAVX512IFMAIntLoopUnrollILi50ELi2ELi1024EEEvPDv8_xPKS2_S5_S2_S2_S2_S2_
FN:37,_ZN5intel4hexl37EltwiseMultModAVX512IFMAIntLoopUnrollILi49ELi2ELi8192EEEvPDv8_xPKS2_S5_S2_S2_S2_S2_
FN:37,_ZN5intel4hexl37EltwiseMultModAVX512IFMAIntLoopUnrollILi35ELi1ELi1024EEEvPDv8_xPKS2_S5_S2_S2_S2_S2_
FN:37,_ZN5intel4hexl37EltwiseMultModAVX512IFMAIntLoopUnrollILi49ELi4ELi8192EEEvPDv8_xPKS2_S5_S2_S2_S2_S2_
FN:37,_ZN5intel4hexl37EltwiseMultModAVX512IFMAIntLoopUnrollILi50ELi1ELi16384EEEvPDv8_xPKS2_S5_S2_S2_S2_S2_
FN:37,_ZN5intel4hexl37EltwiseMultModAVX512IFMAIntLoopUnrollILi49ELi1ELi8192EEEvPDv8_xPKS2_S5_S2_S2_S2_S2_
FN:37,_ZN5intel4hexl37EltwiseMultModAVX512IFMAIntLoopUnrollILi18ELi1ELi2048EEEvPDv8_xPKS2_S5_S2_S2_S2_S2_
FN:37,_ZN5intel4hexl37EltwiseMultModAVX512IFMAIntLoopUnrollILi26ELi1ELi32768EEEvPDv8_xPKS2_S5_S2_S2_S2_S2_
[...]
FNF:7
FNH:6
DA:24,603
DA:25,603
DA:30,603
DA:31,603
DA:32,603
DA:33,603
DA:34,603
DA:35,603
DA:36,603
DA:37,603
DA:38,603
DA:39,603
DA:40,603
DA:41,1206
DA:42,603
DA:43,603
DA:44,603
DA:46,603
DA:47,603
DA:48,603
DA:49,603
DA:51,600
DA:52,1200
DA:54,603
DA:55,603
DA:56,0
DA:57,1206
DA:60,603
DA:61,603
DA:62,603
DA:63,603
DA:65,3864712
DA:66,3864109
DA:67,7728218
DA:68,3864109
DA:69,3864109
DA:71,3864109
DA:74,603
DA:75,603
DA:81,1206
DA:82,603
DA:83,966786
DA:84,966183
DA:85,966183
DA:87,603
DA:88,603
DA:89,603
DA:90,603
DA:91,603
DA:92,603
DA:98,1206
DA:99,603
DA:100,483695
DA:101,483092
DA:102,483092
DA:103,483092
DA:104,483092
DA:106,603
DA:107,603
DA:108,603
DA:109,603
DA:110,603
DA:111,603
DA:113,5427
DA:115,4824
DA:116,38168897
DA:117,38164073
DA:118,38164073
DA:120,4824
DA:121,603
DA:123,603
DA:124,603
DA:125,603
DA:126,603
DA:129,603
DA:130,603
DA:131,603
DA:134,603
DA:135,603
DA:136,603
DA:137,603
DA:138,603
DA:144,1206
DA:145,603
DA:146,603
DA:148,7427
DA:149,3870933
DA:150,3864109
DA:151,3864109
DA:154,603
DA:157,603
DA:158,603
DA:161,603
DA:162,603
DA:163,603
DA:167,603
DA:168,603
DA:169,603
DA:171,0
DA:172,0
DA:173,0
DA:174,0
DA:175,0
DA:176,0
DA:178,0
DA:179,0
DA:181,0
DA:182,0
DA:183,0
DA:185,0
DA:188,107
DA:191,107
DA:192,107
DA:193,107
DA:195,107
DA:196,107
DA:197,107
DA:198,107
DA:200,107
DA:202,107
DA:203,56
DA:207,107
DA:208,15
DA:209,15
DA:210,15
DA:212,15
DA:213,15
DA:216,15
DA:221,92
DA:222,5
DA:223,0
DA:224,0
DA:225,0
DA:226,0
DA:227,0
DA:228,0
DA:232,5
DA:233,5
DA:234,5
DA:235,5
DA:236,5
DA:238,5
DA:242,5
DA:246,87
DA:247,87
DA:248,87
DA:249,87
DA:251,87
DA:256,59
DA:259,59
DA:260,59
DA:261,59
DA:262,59
DA:263,59
DA:264,59
DA:265,59
DA:266,59
DA:268,59
DA:269,42
DA:273,59
DA:274,15
DA:275,15
DA:276,15
DA:277,15
DA:278,15
DA:281,15
DA:286,44
DA:287,2
DA:288,0
DA:289,0
DA:290,0
DA:291,0
DA:292,0
DA:293,0
DA:297,2
DA:298,2
DA:299,2
DA:300,2
DA:301,2
DA:303,2
DA:307,2
DA:311,42
DA:312,42
DA:313,42
DA:314,42
DA:315,42
LF:186
LH:161
end_of_record
TN:
SF:/home/fboemer/repos/DBIO/intel-hexl/hexl/ntt/ntt-radix-2.cpp
FN:15,_ZN5intel4hexl34ForwardTransformToBitReverseRadix2EPmmmPKmS3_mm
FN:142,_ZN5intel4hexl37ReferenceForwardTransformToBitReverseEPmmmPKm
FN:172,_ZN5intel4hexl36InverseTransformFromBitReverseRadix2EPmmmPKmS3_mm
FNDA:407,_ZN5intel4hexl34ForwardTransformToBitReverseRadix2EPmmmPKmS3_mm
FNDA:271,_ZN5intel4hexl37ReferenceForwardTransformToBitReverseEPmmmPKm
FNDA:633,_ZN5intel4hexl36InverseTransformFromBitReverseRadix2EPmmmPKmS3_mm
FNF:3
FNH:3
DA:15,407
DA:20,407
DA:21,407
DA:22,407
DA:23,407
DA:24,407
DA:25,407
DA:26,407
DA:27,407
DA:29,407
DA:30,407
DA:31,407
DA:32,407
DA:34,407
DA:35,407
DA:37,4569
DA:38,4162
DA:39,4162
DA:41,326720
DA:42,326400
DA:43,326080
DA:45,326400
DA:46,326400
DA:48,326400
DA:49,326400
DA:50,326400
DA:51,326400
DA:52,326400
DA:53,326400
DA:54,326400
DA:55,326400
DA:56,326400
DA:57,489388
DA:62,653158
DA:63,652819
DA:64,652480
DA:66,652819
DA:67,652819
DA:69,652819
DA:70,652819
DA:71,652819
DA:72,652819
DA:73,652819
DA:74,979490
DA:79,1306051
DA:80,1305675
DA:81,1305299
DA:83,1305675
DA:84,1305675
DA:86,1305675
DA:87,1305675
DA:88,1305675
DA:89,1958081
DA:94,2611788
DA:95,2611381
DA:96,2610974
DA:98,2611381
DA:99,2611381
DA:101,2611381
DA:102,2611381
DA:103,3917345
DA:108,328800
DA:109,326080
DA:110,323360
DA:112,326080
DA:113,326080
DA:115,326080
DA:116,326080
DA:117,326080
DA:118,3926720
DA:119,3600640
DA:120,3600640
DA:121,3600640
DA:122,3600640
DA:123,3600640
DA:124,3600640
DA:125,3600640
DA:126,5156659
DA:131,4162
DA:133,407
DA:134,5223106
DA:135,5222712
DA:136,5222712
DA:137,5222712
DA:140,407
DA:142,271
DA:145,271
DA:146,271
DA:147,271
DA:148,271
DA:150,271
DA:151,3332
DA:153,1411894
DA:154,1408833
DA:155,1408833
DA:157,1408833
DA:158,1408833
DA:159,10633159
DA:161,9224326
DA:162,9224326
DA:163,9224326
DA:164,9224326
DA:166,1408833
DA:168,3061
DA:170,271
DA:172,633
DA:177,633
DA:178,633
DA:179,633
DA:180,633
DA:181,633
DA:182,633
DA:183,633
DA:184,633
DA:185,633
DA:186,633
DA:187,633
DA:189,633
DA:190,633
DA:191,633
DA:192,633
DA:194,7136
DA:195,6503
DA:197,6503
DA:199,3316423
DA:200,3315812
DA:201,3315201
DA:203,3315812
DA:204,3315812
DA:206,3315812
DA:207,3315812
DA:209,3315812
DA:214,1658465
DA:215,1657880
DA:216,1657295
DA:218,1657880
DA:219,1657880
DA:221,1657880
DA:222,1657880
DA:224,1657880
DA:225,1657895
DA:230,829505
DA:231,828930
DA:232,828355
DA:234,828930
DA:235,828930
DA:237,828930
DA:238,828930
DA:240,828930
DA:241,828930
DA:242,828930
DA:243,828932
DA:248,415038
DA:249,414464
DA:250,413890
DA:252,414464
DA:253,414464
DA:255,414464
DA:256,414464
DA:258,414464
DA:259,414464
DA:260,414464
DA:261,414464
DA:262,414464
DA:263,414464
DA:264,414464
DA:265,414467
DA:270,417474
DA:271,413316
DA:272,409158
DA:274,413316
DA:275,413316
DA:277,413316
DA:278,413316
DA:279,413316
DA:280,4400264
DA:281,3986948
DA:282,3986948
DA:283,3986948
DA:284,3986948
DA:285,3986948
DA:286,3986948
DA:287,3986948
DA:288,4985678
DA:293,6503
DA:297,633
DA:299,633
DA:300,633
DA:301,633
DA:302,633
DA:303,633
DA:305,633
DA:306,633
DA:307,3316467
DA:311,3315834
DA:312,3315834
DA:313,3315834
DA:314,3315834
DA:317,633
DA:319,6632238
DA:320,6631618
DA:321,6631618
DA:322,6631618
DA:325,633
LF:204
LH:204
end_of_record
TN:
SF:/home/fboemer/repos/DBIO/intel-hexl/hexl/ntt/ntt-radix-4.cpp
FN:15,_ZN5intel4hexl34ForwardTransformToBitReverseRadix4EPmmmPKmS3_mm
FN:238,_ZN5intel4hexl36InverseTransformFromBitReverseRadix4EPmmmPKmS3_mm
FNDA:17,_ZN5intel4hexl34ForwardTransformToBitReverseRadix4EPmmmPKmS3_mm
FNDA:31,_ZN5intel4hexl36InverseTransformFromBitReverseRadix4EPmmmPKmS3_mm
FNF:2
FNH:2
DA:15,17
DA:20,17
DA:21,17
DA:22,17
DA:23,17
DA:24,17
DA:25,17
DA:26,17
DA:27,17
DA:29,17
DA:30,17
DA:31,17
DA:32,17
DA:34,17
DA:35,17
DA:37,17
DA:39,17
DA:40,17
DA:42,17
DA:44,17
DA:45,17
DA:48,17
DA:49,9
DA:51,9
DA:53,9
DA:54,9
DA:56,9
DA:57,9
DA:58,9
DA:59,87390
DA:60,87381
DA:65,17
DA:66,17
DA:68,17
DA:69,17
DA:71,89
DA:72,72
DA:74,72
DA:76,72
DA:79,16397
DA:80,16383
DA:81,16369
DA:83,16383
DA:84,16383
DA:85,16383
DA:86,16383
DA:88,16383
DA:89,16383
DA:90,16383
DA:92,16383
DA:93,16383
DA:94,16383
DA:96,16383
DA:97,16383
DA:98,16383
DA:100,16383
DA:103,16383
DA:106,16383
DA:109,16383
DA:117,65551
DA:118,65535
DA:119,65519
DA:121,65535
DA:122,65535
DA:123,65535
DA:124,65535
DA:126,65535
DA:127,65535
DA:128,65535
DA:130,65535
DA:131,65535
DA:132,65535
DA:134,65535
DA:135,65535
DA:136,65535
DA:138,65535
DA:145,5496
DA:146,5454
DA:147,5412
DA:149,5454
DA:150,5454
DA:151,5454
DA:152,5454
DA:154,5454
DA:155,5454
DA:156,5454
DA:158,5454
DA:159,5454
DA:160,5454
DA:162,5454
DA:163,5454
DA:164,5454
DA:166,28665
DA:167,23211
DA:170,23211
DA:173,23211
DA:176,23211
DA:179,23211
DA:182,23211
DA:185,23211
DA:188,23211
DA:191,23211
DA:194,23211
DA:197,23211
DA:200,23211
DA:203,23211
DA:206,23211
DA:209,23211
DA:212,23211
DA:219,72
DA:222,17
DA:223,262159
DA:224,262142
DA:225,131068
DA:227,262142
DA:228,131335
DA:230,262142
DA:231,262142
DA:235,17
DA:236,17
DA:238,31
DA:243,31
DA:244,31
DA:245,31
DA:246,31
DA:247,31
DA:248,31
DA:249,31
DA:250,31
DA:251,31
DA:252,31
DA:253,31
DA:255,31
DA:256,31
DA:258,31
DA:260,31
DA:261,14
DA:262,14
DA:263,14
DA:264,14
DA:266,14
DA:267,43716
DA:268,43702
DA:269,43702
DA:270,43702
DA:275,31
DA:276,31
DA:278,31
DA:279,31
DA:281,31
DA:283,99
DA:284,68
DA:285,68
DA:287,68
DA:289,68
DA:291,43713
DA:292,43702
DA:293,43702
DA:294,43691
DA:297,43702
DA:298,43702
DA:299,43702
DA:300,43702
DA:302,43702
DA:303,43702
DA:304,43702
DA:306,43702
DA:307,43702
DA:308,43702
DA:310,43702
DA:311,43702
DA:312,43702
DA:314,43702
DA:320,10932
DA:321,10924
DA:322,10924
DA:323,10916
DA:326,10924
DA:327,10924
DA:328,10924
DA:329,10924
DA:331,10924
DA:332,10924
DA:333,10924
DA:335,10924
DA:336,10924
DA:337,10924
DA:339,10924
DA:340,10924
DA:341,10924
DA:343,10924
DA:345,10924
DA:347,10924
DA:349,10924
DA:356,18243
DA:357,18194
DA:358,18194
DA:359,18145
DA:362,18194
DA:363,18194
DA:364,18194
DA:365,18194
DA:367,18194
DA:368,18194
DA:369,18194
DA:371,18194
DA:372,18194
DA:373,18194
DA:375,18194
DA:376,18194
DA:377,18194
DA:379,411414
DA:380,393220
DA:381,393220
DA:388,68
DA:389,68
DA:390,68
DA:393,31
DA:394,31
DA:397,31
DA:398,31
DA:400,31
DA:401,31
DA:402,31
DA:403,31
DA:404,31
DA:406,31
DA:407,31
DA:408,131143
DA:413,131112
DA:414,131112
DA:415,131112
DA:416,131112
DA:419,31
DA:421,262255
DA:422,262224
DA:423,262224
DA:424,262224
DA:427,31
LF:239
LH:239
end_of_record
TN:
SF:/home/fboemer/repos/DBIO/intel-hexl/hexl/number-theory/number-theory.cpp
FN:13,_ZN5intel4hexl10InverseModEmm
FN:44,_ZN5intel4hexl11MultiplyModEmmm
FN:54,_ZN5intel4hexl11MultiplyModEmmmm
FN:61,_ZN5intel4hexl10AddUIntModEmmm
FN:68,_ZN5intel4hexl10SubUIntModEmmm
FN:76,_ZN5intel4hexl6PowModEmmm
FN:91,_ZN5intel4hexl15IsPrimitiveRootEmmm
FN:106,_ZN5intel4hexl21GeneratePrimitiveRootEmm
FN:128,_ZN5intel4hexl20MinimalPrimitiveRootEmm
FN:150,_ZN5intel4hexl11ReverseBitsEmm
FN:166,_ZN5intel4hexl7IsPrimeEm
FN:214,_ZN5intel4hexl14GeneratePrimesEmmbm
FN:238,_ZZN5intel4hexl14GeneratePrimesEmmbmENKUllE_clEl
FNDA:202230,_ZN5intel4hexl6PowModEmmm
FNDA:3867121,_ZN5intel4hexl10InverseModEmm
FNDA:25080024,_ZN5intel4hexl11MultiplyModEmmmm
FNDA:9799990,_ZN5intel4hexl10SubUIntModEmmm
FNDA:3864123,_ZN5intel4hexl11ReverseBitsEmm
FNDA:1193,_ZN5intel4hexl15IsPrimitiveRootEmmm
FNDA:608,_ZN5intel4hexl20MinimalPrimitiveRootEmm
FNDA:22306545,_ZN5intel4hexl11MultiplyModEmmm
FNDA:608,_ZN5intel4hexl21GeneratePrimitiveRootEmm
FNDA:11019,_ZN5intel4hexl7IsPrimeEm
FNDA:25211287,_ZN5intel4hexl10AddUIntModEmmm
FNDA:0,_ZZN5intel4hexl14GeneratePrimesEmmbmENKUllE_clEl
FNDA:269,_ZN5intel4hexl14GeneratePrimesEmmbm
FNF:13
FNH:12
DA:13,3867121
DA:14,3867121
DA:15,3867121
DA:17,3867121
DA:21,3867121
DA:22,3867121
DA:23,3867121
DA:24,120382995
DA:26,116515874
DA:28,116515874
DA:29,116515874
DA:30,116515874
DA:33,116515874
DA:34,116515874
DA:35,116515874
DA:39,3867121
DA:41,3867121
DA:44,22306545
DA:45,22306545
DA:46,22306545
DA:47,22306545
DA:48,22306545
DA:49,22306545
DA:51,22306545
DA:54,25080024
DA:56,25080024
DA:57,25080024
DA:58,25080024
DA:61,25211287
DA:62,25211287
DA:63,25211287
DA:64,25211287
DA:65,25211287
DA:68,9799990
DA:69,9799990
DA:70,9799990
DA:71,9799990
DA:72,9799990
DA:76,202230
DA:77,202230
DA:78,202230
DA:79,1220986
DA:80,1018756
DA:81,467484
DA:83,1018756
DA:84,1018756
DA:86,202230
DA:91,1193
DA:92,1193
DA:95,1193
DA:97,1193
DA:98,1193
DA:101,1193
DA:106,608
DA:108,608
DA:111,608
DA:113,1180
DA:114,1180
DA:115,1180
DA:117,1180
DA:118,608
DA:128,608
DA:129,608
DA:130,608
DA:132,608
DA:134,608
DA:135,608
DA:137,608
DA:140,7730050
DA:141,7729442
DA:144,7729442
DA:147,608
DA:150,3864123
DA:151,3864123
DA:154,3864123
DA:158,56993623
DA:159,53129502
DA:160,53129502
DA:166,11019
DA:170,11019
DA:171,11019
DA:173,73734
DA:174,70105
DA:175,70102
DA:180,182042
DA:181,182042
DA:182,182042
DA:185,178413
DA:187,3629
DA:188,3629
DA:190,3629
DA:191,3629
DA:193,16949
DA:194,15839
DA:195,15839
DA:196,48
DA:199,186531
DA:200,186531
DA:201,184012
DA:202,184012
DA:207,15791
DA:208,11019
DA:214,269
DA:217,269
DA:218,269
DA:219,269
DA:220,269
DA:222,269
DA:224,269
DA:225,269
DA:228,538
DA:230,269
DA:231,34
DA:232,269
DA:235,538
DA:236,269
DA:238,10837
DA:239,0
DA:240,6813
DA:242,3755
DA:244,269
DA:246,269
DA:248,21136
DA:249,10568
DA:250,665
DA:251,665
DA:252,665
DA:256,10299
LF:128
LH:127
end_of_record
TN:
SF:/home/fboemer/repos/DBIO/intel-hexl/hexl/util/avx512-util.hpp
FN:21,_ZN5intel4hexl13ExtractValuesEDv8_x
FN:38,_ZN5intel4hexl16ExtractIntValuesEDv8_x
FN:55,_ZN5intel4hexl13ExtractValuesEDv8_d
FN:72,_ZN5intel4hexl21_mm512_hexl_mulhi_epiILi32EEEDv8_xS2_S2_
FN:80,_ZN5intel4hexl21_mm512_hexl_mulhi_epiILi64EEEDv8_xS2_S2_
FN:126,_ZN5intel4hexl21_mm512_hexl_mulhi_epiILi52EEEDv8_xS2_S2_
FN:141,_ZN5intel4hexl28_mm512_hexl_mulhi_approx_epiILi32EEEDv8_xS2_S2_
FN:149,_ZN5intel4hexl28_mm512_hexl_mulhi_approx_epiILi64EEEDv8_xS2_S2_
FN:185,_ZN5intel4hexl28_mm512_hexl_mulhi_approx_epiILi52EEEDv8_xS2_S2_
FN:199,_ZN5intel4hexl21_mm512_hexl_mullo_epiILi32EEEDv8_xS2_S2_
FN:207,_ZN5intel4hexl21_mm512_hexl_mullo_epiILi64EEEDv8_xS2_S2_
FN:213,_ZN5intel4hexl21_mm512_hexl_mullo_epiILi52EEEDv8_xS2_S2_
FN:228,_ZN5intel4hexl28_mm512_hexl_mullo_add_lo_epiILi52EEEDv8_xS2_S2_S2_
FN:241,_ZN5intel4hexl28_mm512_hexl_mullo_add_lo_epiILi32EEEDv8_xS2_S2_S2_
FN:251,_ZN5intel4hexl28_mm512_hexl_mullo_add_lo_epiILi64EEEDv8_xS2_S2_S2_
FN:260,_ZN5intel4hexl27_mm512_hexl_small_mod_epu64ILi4EEEDv8_xS2_S2_PS2_S3_
FN:260,_ZN5intel4hexl27_mm512_hexl_small_mod_epu64ILi8EEEDv8_xS2_S2_PS2_S3_
FN:260,_ZN5intel4hexl27_mm512_hexl_small_mod_epu64ILi2EEEDv8_xS2_S2_PS2_S3_
FN:260,_ZN5intel4hexl27_mm512_hexl_small_mod_epu64ILi1EEEDv8_xS2_S2_PS2_S3_
FN:289,_ZN5intel4hexl31_mm512_hexl_small_add_mod_epi64EDv8_xS1_S1_
FN:309,_ZN5intel4hexl31_mm512_hexl_small_sub_mod_epi64EDv8_xS1_S1_
FN:323,_ZN5intel4hexl26_mm512_hexl_cmp_epu64_maskEDv8_xS1_NS0_6CMPINTE
FN:347,_ZN5intel4hexl21_mm512_hexl_cmp_epi64EDv8_xS1_NS0_6CMPINTEm
FN:355,_ZN5intel4hexl23_mm512_hexl_cmpge_epu64EDv8_xS1_m
FN:361,_ZN5intel4hexl23_mm512_hexl_cmplt_epu64EDv8_xS1_m
FN:367,_ZN5intel4hexl23_mm512_hexl_cmple_epu64EDv8_xS1_m
FN:375,_ZN5intel4hexl28_mm512_hexl_barrett_reduce64ILi64EEEDv8_xS2_S2_S2_
FN:392,_ZN5intel4hexl23_mm512_hexl_shrdi_epi64EDv8_xS1_j
FN:403,_ZN5intel4hexl23_mm512_hexl_shrdi_epi64ILi53EEEDv8_xS2_S2_
FN:403,_ZN5intel4hexl23_mm512_hexl_shrdi_epi64ILi58EEEDv8_xS2_S2_
FN:403,_ZN5intel4hexl23_mm512_hexl_shrdi_epi64ILi61EEEDv8_xS2_S2_
FN:403,_ZN5intel4hexl23_mm512_hexl_shrdi_epi64ILi57EEEDv8_xS2_S2_
FN:403,_ZN5intel4hexl23_mm512_hexl_shrdi_epi64ILi55EEEDv8_xS2_S2_
FN:403,_ZN5intel4hexl23_mm512_hexl_shrdi_epi64ILi56EEEDv8_xS2_S2_
FN:403,_ZN5intel4hexl23_mm512_hexl_shrdi_epi64ILi60EEEDv8_xS2_S2_
FN:403,_ZN5intel4hexl23_mm512_hexl_shrdi_epi64ILi52EEEDv8_xS2_S2_
FN:403,_ZN5intel4hexl23_mm512_hexl_shrdi_epi64ILi50EEEDv8_xS2_S2_
FN:403,_ZN5intel4hexl23_mm512_hexl_shrdi_epi64ILi49EEEDv8_xS2_S2_
FN:403,_ZN5intel4hexl23_mm512_hexl_shrdi_epi64ILi51EEEDv8_xS2_S2_
FN:403,_ZN5intel4hexl23_mm512_hexl_shrdi_epi64ILi59EEEDv8_xS2_S2_
FN:403,_ZN5intel4hexl23_mm512_hexl_shrdi_epi64ILi54EEEDv8_xS2_S2_
FNDA:0,_ZN5intel4hexl23_mm512_hexl_shrdi_epi64ILi55EEEDv8_xS2_S2_
FNDA:0,_ZN5intel4hexl21_mm512_hexl_mullo_epiILi52EEEDv8_xS2_S2_
FNDA:249,_ZN5intel4hexl13ExtractValuesEDv8_x
FNDA:0,_ZN5intel4hexl23_mm512_hexl_shrdi_epi64ILi58EEEDv8_xS2_S2_
FNDA:0,_ZN5intel4hexl23_mm512_hexl_shrdi_epi64ILi53EEEDv8_xS2_S2_
FNDA:0,_ZN5intel4hexl23_mm512_hexl_shrdi_epi64ILi61EEEDv8_xS2_S2_
FNDA:0,_ZN5intel4hexl23_mm512_hexl_shrdi_epi64ILi57EEEDv8_xS2_S2_
FNDA:1,_ZN5intel4hexl13ExtractValuesEDv8_d
FNDA:0,_ZN5intel4hexl28_mm512_hexl_mullo_add_lo_epiILi64EEEDv8_xS2_S2_S2_
FNDA:947206,_ZN5intel4hexl26_mm512_hexl_cmp_epu64_maskEDv8_xS1_NS0_6CMPINTE
FNDA:201,_ZN5intel4hexl21_mm512_hexl_mullo_epiILi64EEEDv8_xS2_S2_
FNDA:0,_ZN5intel4hexl21_mm512_hexl_mullo_epiILi32EEEDv8_xS2_S2_
FNDA:0,_ZN5intel4hexl23_mm512_hexl_shrdi_epi64EDv8_xS1_j
FNDA:0,_ZN5intel4hexl23_mm512_hexl_shrdi_epi64ILi56EEEDv8_xS2_S2_
FNDA:2,_ZN5intel4hexl23_mm512_hexl_cmple_epu64EDv8_xS1_m
FNDA:0,_ZN5intel4hexl28_mm512_hexl_mullo_add_lo_epiILi52EEEDv8_xS2_S2_S2_
FNDA:0,_ZN5intel4hexl28_mm512_hexl_mullo_add_lo_epiILi32EEEDv8_xS2_S2_S2_
FNDA:0,_ZN5intel4hexl27_mm512_hexl_small_mod_epu64ILi4EEEDv8_xS2_S2_PS2_S3_
FNDA:0,_ZN5intel4hexl31_mm512_hexl_small_sub_mod_epi64EDv8_xS1_S1_
FNDA:202,_ZN5intel4hexl21_mm512_hexl_mulhi_epiILi64EEEDv8_xS2_S2_
FNDA:2,_ZN5intel4hexl23_mm512_hexl_cmpge_epu64EDv8_xS1_m
FNDA:1,_ZN5intel4hexl16ExtractIntValuesEDv8_x
FNDA:1,_ZN5intel4hexl21_mm512_hexl_mulhi_epiILi52EEEDv8_xS2_S2_
FNDA:0,_ZN5intel4hexl23_mm512_hexl_shrdi_epi64ILi50EEEDv8_xS2_S2_
FNDA:0,_ZN5intel4hexl27_mm512_hexl_small_mod_epu64ILi8EEEDv8_xS2_S2_PS2_S3_
FNDA:0,_ZN5intel4hexl28_mm512_hexl_mulhi_approx_epiILi32EEEDv8_xS2_S2_
FNDA:1,_ZN5intel4hexl28_mm512_hexl_mulhi_approx_epiILi64EEEDv8_xS2_S2_
FNDA:6,_ZN5intel4hexl21_mm512_hexl_cmp_epi64EDv8_xS1_NS0_6CMPINTEm
FNDA:0,_ZN5intel4hexl23_mm512_hexl_shrdi_epi64ILi60EEEDv8_xS2_S2_
FNDA:201,_ZN5intel4hexl28_mm512_hexl_barrett_reduce64ILi64EEEDv8_xS2_S2_S2_
FNDA:0,_ZN5intel4hexl31_mm512_hexl_small_add_mod_epi64EDv8_xS1_S1_
FNDA:0,_ZN5intel4hexl23_mm512_hexl_shrdi_epi64ILi52EEEDv8_xS2_S2_
FNDA:0,_ZN5intel4hexl23_mm512_hexl_shrdi_epi64ILi54EEEDv8_xS2_S2_
FNDA:0,_ZN5intel4hexl27_mm512_hexl_small_mod_epu64ILi1EEEDv8_xS2_S2_PS2_S3_
FNDA:2,_ZN5intel4hexl23_mm512_hexl_cmplt_epu64EDv8_xS1_m
FNDA:203,_ZN5intel4hexl27_mm512_hexl_small_mod_epu64ILi2EEEDv8_xS2_S2_PS2_S3_
FNDA:0,_ZN5intel4hexl23_mm512_hexl_shrdi_epi64ILi49EEEDv8_xS2_S2_
FNDA:0,_ZN5intel4hexl21_mm512_hexl_mulhi_epiILi32EEEDv8_xS2_S2_
FNDA:0,_ZN5intel4hexl23_mm512_hexl_shrdi_epi64ILi51EEEDv8_xS2_S2_
FNDA:0,_ZN5intel4hexl23_mm512_hexl_shrdi_epi64ILi59EEEDv8_xS2_S2_
FNDA:0,_ZN5intel4hexl28_mm512_hexl_mulhi_approx_epiILi52EEEDv8_xS2_S2_
FNF:41
FNH:14
DA:21,249
DA:22,249
DA:23,249
DA:25,249
DA:26,249
DA:27,249
DA:28,249
DA:29,249
DA:30,249
DA:31,249
DA:32,1743
DA:34,249
DA:38,1
DA:39,1
DA:40,1
DA:42,1
DA:43,1
DA:44,1
DA:45,1
DA:46,1
DA:47,1
DA:48,1
DA:49,7
DA:51,1
DA:55,1
DA:56,1
DA:57,1
DA:58,9
DA:59,8
DA:61,1
DA:72,0
DA:73,0
DA:74,0
DA:75,0
DA:76,0
DA:80,11190617
DA:82,10755416
DA:85,11190617
DA:87,11190617
DA:88,11190617
DA:89,11190617
DA:90,11190617
DA:91,11190617
DA:104,11190617
DA:111,11190617
DA:112,11190617
DA:113,11190617
DA:118,11190617
DA:119,11190617
DA:120,11190617
DA:121,11190617
DA:126,11303014
DA:127,11303014
DA:128,7220614
DA:141,0
DA:142,0
DA:143,0
DA:144,0
DA:145,0
DA:149,15507333
DA:151,15507333
DA:154,15507333
DA:156,15507333
DA:157,15507333
DA:158,15507333
DA:159,15507333
DA:171,15507333
DA:172,15507333
DA:177,15507333
DA:178,15507333
DA:179,15507333
DA:180,15507333
DA:185,0
DA:186,0
DA:187,0
DA:199,0
DA:200,0
DA:201,0
DA:202,0
DA:203,0
DA:207,36352588
DA:208,26213708
DA:213,9125733
DA:214,9125733
DA:215,7084533
DA:228,9125733
DA:230,9125733
DA:233,9125733
DA:234,9125733
DA:235,9125733
DA:241,0
DA:243,0
DA:244,0
DA:245,0
DA:246,0
DA:247,0
DA:251,25256970
DA:253,25256970
DA:254,24930570
DA:260,45216000
DA:270,43487272
DA:274,6053814
DA:275,6053814
DA:280,4632010
DA:281,4632010
DA:282,4632010
DA:289,13962753
DA:291,13962753
DA:292,13962753
DA:293,13962753
DA:294,13962753
DA:295,13962753
DA:309,260404
DA:311,260404
DA:312,260404
DA:313,260404
DA:314,260404
DA:318,260404
DA:319,260404
DA:320,260404
DA:323,947206
DA:324,947206
DA:325,84800
DA:326,84800
DA:327,353602
DA:328,353602
DA:329,84802
DA:330,84802
DA:331,84800
DA:332,84800
DA:333,84800
DA:334,84800
DA:335,84802
DA:336,84802
DA:337,84800
DA:338,84800
DA:339,84800
DA:340,84800
DA:342,947200
DA:343,0
DA:347,678406
DA:349,678406
DA:350,678412
DA:351,6
DA:355,2
DA:357,2
DA:361,2
DA:363,2
DA:367,2
DA:369,2
DA:375,435402
DA:377,435402
DA:381,435402
DA:382,435402
DA:384,435402
DA:385,201
DA:392,80640
DA:394,80640
DA:395,80640
DA:396,80640
DA:403,343228
DA:405,343228
LF:162
LH:137
end_of_record
TN:
SF:/home/fboemer/repos/DBIO/intel-hexl/hexl/util/util-internal.hpp
FN:16,_ZN5intel4hexl7CompareENS0_6CMPINTEmm
FN:48,_ZN5intel4hexl34GenerateInsecureUniformRandomValueEmm
FN:63,_ZN5intel4hexl35GenerateInsecureUniformRandomValuesEmmm
FN:66,_ZZN5intel4hexl35GenerateInsecureUniformRandomValuesEmmmENKUlvE_clEv
FNDA:309657872,_ZN5intel4hexl34GenerateInsecureUniformRandomValueEmm
FNDA:1152000,_ZN5intel4hexl7CompareENS0_6CMPINTEmm
FNDA:308991692,_ZZN5intel4hexl35GenerateInsecureUniformRandomValuesEmmmENKUlvE_clEv
FNDA:744967,_ZN5intel4hexl35GenerateInsecureUniformRandomValuesEmmm
FNF:4
FNH:4
DA:16,1152000
DA:17,1152000
DA:18,144000
DA:19,144000
DA:20,144000
DA:21,144000
DA:22,144000
DA:23,144000
DA:24,144000
DA:26,0
DA:27,0
DA:28,144000
DA:29,144000
DA:30,144000
DA:31,144000
DA:32,144000
DA:33,144000
DA:34,144000
DA:35,144000
DA:36,144000
DA:37,144000
DA:38,144000
DA:39,0
DA:40,0
DA:48,309657872
DA:50,1180
DA:52,309657872
DA:53,309657873
DA:54,309657872
DA:56,619314564
DA:63,744967
DA:65,1489934
DA:66,308991692
DA:67,308991692
DA:68,744967
DA:69,744967
DA:70,1489934
LF:37
LH:33
end_of_record
